JvmtiExport can_access_local_variables 0
JvmtiExport can_hotswap_or_post_breakpoint 0
JvmtiExport can_post_on_exceptions 0
# 263 ciObject found
ciMethod java/lang/Object <init> ()V 4097 1 516582 0 96
ciMethod java/lang/Object getClass ()Ljava/lang/Class; 2049 1 256 0 -1
ciMethod java/lang/Object hashCode ()I 2049 1 256 0 -1
ciMethod java/lang/Object equals (Ljava/lang/Object;)Z 2057 1 22326 0 -1
ciMethod java/lang/String <init> ([CII)V 4097 1 11793 0 -1
ciMethod java/lang/String codePointAt (I)I 1 1 1590 0 -1
ciMethod java/lang/String equals (Ljava/lang/Object;)Z 3049 32769 12475 0 -1
ciMethod java/lang/String hashCode ()I 2761 32769 7875 0 320
ciMethod java/lang/String toLowerCase (Ljava/util/Locale;)Ljava/lang/String; 4097 22057 1605 0 -1
ciMethod java/lang/String toLowerCase ()Ljava/lang/String; 4097 1 63572 0 96
ciMethod java/lang/System arraycopy (Ljava/lang/Object;ILjava/lang/Object;II)V 124929 1 15616 0 -1
ciMethod java/lang/AbstractStringBuilder <init> (I)V 4097 1 64930 0 -1
ciMethod java/lang/AbstractStringBuilder append (Ljava/lang/String;)Ljava/lang/AbstractStringBuilder; 4097 1 5754 0 -1
ciMethod java/lang/StringBuilder <init> ()V 4097 1 42951 0 192
ciMethod java/lang/StringBuilder append (Ljava/lang/String;)Ljava/lang/StringBuilder; 4097 1 107567 0 1056
ciMethod java/lang/StringBuilder append (I)Ljava/lang/StringBuilder; 41 1 1739 0 -1
ciMethod java/lang/StringBuilder toString ()Ljava/lang/String; 4097 1 45434 0 832
ciMethod sun/misc/Unsafe ensureClassInitialized (Ljava/lang/Class;)V 2457 1 307 0 -1
ciMethod java/net/URL <init> (Ljava/net/URL;Ljava/lang/String;)V 1457 1 1100 0 -1
ciMethod java/net/URL getPort ()I 1033 1 129 0 0
ciMethod java/net/URL getDefaultPort ()I 2049 1 1778 0 0
ciMethod java/net/URL getProtocol ()Ljava/lang/String; 1025 1 128 0 0
ciMethod java/net/URL getHost ()Ljava/lang/String; 1025 1 128 0 0
ciMethod java/net/URL getFile ()Ljava/lang/String; 1041 1 130 0 0
ciMethod java/util/jar/Manifest getMainAttributes ()Ljava/util/jar/Attributes; 1025 1 128 0 0
ciMethod java/lang/Character charCount (I)I 17 1 2066 0 -1
ciMethod java/lang/Character toChars (I[CI)I 0 0 1 0 -1
ciMethod java/lang/Character toChars (I)[C 0 0 1 0 -1
ciMethod java/lang/Character toLowerCase (C)C 4097 1 15188 0 -1
ciMethod java/lang/Character toLowerCase (I)I 4097 1 53432 0 -1
ciMethod java/security/AccessController doPrivileged (Ljava/security/PrivilegedExceptionAction;Ljava/security/AccessControlContext;)Ljava/lang/Object; 2057 1 257 22 -1
ciMethod java/util/Vector size ()I 1025 1 128 0 0
ciMethod java/util/Vector elementAt (I)Ljava/lang/Object; 305 1 5715 0 576
ciMethod java/util/Vector removeElementAt (I)V 137 1 3275 0 0
ciMethod java/util/Vector elementData (I)Ljava/lang/Object; 2049 1 17452 0 0
ciMethod java/util/Stack push (Ljava/lang/Object;)Ljava/lang/Object; 4097 1 2718 0 -1
ciMethod java/util/Stack pop ()Ljava/lang/Object; 137 1 2708 0 0
ciMethod java/util/Stack peek ()Ljava/lang/Object; 145 1 2798 0 0
ciMethod java/util/Stack empty ()Z 337 1 2715 0 0
ciMethod java/util/ArrayList calculateCapacity ([Ljava/lang/Object;I)I 4097 1 10255 0 0
ciMethod java/util/ArrayList ensureCapacityInternal (I)V 4097 1 10255 0 0
ciMethod java/util/ArrayList ensureExplicitCapacity (I)V 4097 1 10255 0 0
ciMethod java/util/ArrayList grow (I)V 201 1 2478 0 0
ciMethod java/util/ArrayList hugeCapacity (I)I 0 0 1 0 -1
ciMethod java/util/ArrayList size ()I 1025 1 128 0 0
ciMethod java/util/ArrayList get (I)Ljava/lang/Object; 1905 1 10891 0 -1
ciMethod java/util/ArrayList add (Ljava/lang/Object;)Z 4097 1 9082 0 768
ciMethod sun/misc/SharedSecrets javaUtilJarAccess ()Lsun/misc/JavaUtilJarAccess; 2049 1 9057 0 0
ciMethod java/util/HashMap hash (Ljava/lang/Object;)I 4097 1 44313 0 224
ciMethod java/util/HashMap getNode (ILjava/lang/Object;)Ljava/util/HashMap$Node; 4097 81 5632 0 544
ciMethod java/util/HashMap containsKey (Ljava/lang/Object;)Z 129 1 5138 0 672
ciMethod java/util/HashMap put (Ljava/lang/Object;Ljava/lang/Object;)Ljava/lang/Object; 4097 1 17482 0 -1
ciMethod java/lang/Math max (II)I 417 1 128401 0 -1
ciMethod java/util/Arrays copyOf ([Ljava/lang/Object;I)[Ljava/lang/Object; 2057 1 6586 0 0
ciMethod java/util/Arrays copyOf ([Ljava/lang/Object;ILjava/lang/Class;)[Ljava/lang/Object; 2049 1 5376 0 -1
ciMethod java/util/StringTokenizer <init> (Ljava/lang/String;)V 313 1 39 0 -1
ciMethod java/util/StringTokenizer hasMoreTokens ()Z 2049 1 4636 0 -1
ciMethod java/util/StringTokenizer nextToken ()Ljava/lang/String; 2049 1 4288 0 -1
ciMethod java/util/StringTokenizer countTokens ()I 2145 4073 403 0 -1
ciMethod java/util/Locale getDefault ()Ljava/util/Locale; 4097 1 74398 0 0
ciMethod java/util/Locale getLanguage ()Ljava/lang/String; 209 1 1394 0 -1
ciMethodData java/lang/Object <init> ()V 2 516582 orig 264 104 147 185 99 0 0 0 0 128 4 30 41 0 0 0 0 32 1 0 0 0 0 0 0 0 0 0 0 0 0 0 0 0 0 0 0 0 0 0 0 0 0 0 0 0 0 0 0 0 0 0 0 0 0 0 0 0 0 0 0 0 0 0 0 0 0 0 0 0 0 0 0 0 0 0 0 0 0 0 0 77 68 79 32 101 120 116 114 97 32 100 97 116 97 32 108 111 99 107 0 0 0 0 0 0 0 0 0 0 0 0 0 0 0 0 0 0 0 0 0 0 0 0 0 0 0 0 0 0 0 0 0 0 0 0 0 0 0 0 0 0 0 0 0 0 0 0 0 0 0 0 0 0 0 0 0 0 0 0 0 0 0 0 0 0 0 0 0 0 0 0 0 0 0 0 0 0 0 0 0 0 0 0 0 1 0 0 0 0 0 0 0 1 0 0 0 0 0 0 0 1 0 0 0 0 0 0 0 0 0 0 0 0 0 0 0 0 2 0 0 49 255 62 0 1 0 0 0 0 0 0 0 0 0 0 0 2 0 0 0 0 0 0 0 0 0 0 0 0 0 0 0 255 255 255 255 0 0 0 0 0 0 0 0 data 0 oops 0
ciMethod java/util/HashMap$TreeNode getTreeNode (ILjava/lang/Object;)Ljava/util/HashMap$TreeNode; 0 0 1 0 -1
ciMethod java/net/URLStreamHandler getDefaultPort ()I 1033 1 9103 0 0
ciMethodData java/lang/String hashCode ()I 2 149256 orig 264 104 147 185 99 0 0 0 0 0 80 30 41 0 0 0 0 152 1 0 0 96 0 0 0 0 0 0 0 0 0 0 0 0 0 0 0 0 0 0 0 0 0 0 0 0 0 0 0 0 0 0 0 0 0 0 0 0 0 0 0 0 0 0 0 0 0 0 0 0 0 0 0 0 0 0 0 0 0 0 0 77 68 79 32 101 120 116 114 97 32 100 97 116 97 32 108 111 99 107 0 0 0 0 0 0 0 0 0 0 0 0 0 0 0 0 0 0 0 0 0 0 0 0 0 0 0 0 0 0 0 0 0 0 0 0 0 0 0 0 0 0 0 0 0 1 0 0 0 0 0 0 0 0 0 0 0 0 0 0 0 0 0 0 0 0 0 0 0 0 0 0 0 0 0 0 0 0 0 0 1 0 0 0 0 1 0 0 0 0 0 0 0 0 0 0 0 0 0 0 0 1 0 0 0 0 0 0 0 0 0 0 0 0 0 0 0 0 16 0 0 81 235 0 0 65 184 17 0 237 24 0 0 68 220 1 0 2 0 0 0 1 0 11 0 2 0 0 0 120 0 0 0 255 255 255 255 7 0 6 0 0 0 0 0 data 15 0x60007 0x1100 0x78 0xc6a 0xee007 0x5 0x58 0xc66 0x1e0007 0xc65 0x38 0x236ed 0x2d0003 0x236ed 0xffffffffffffffe0 oops 0
ciMethod sun/misc/URLClassPath disableAllLookupCaches ()V 25 1 3 0 0
ciMethod sun/misc/URLClassPath validateLookupCache (ILjava/lang/String;)V 121 1 859 0 0
ciMethod sun/misc/URLClassPath getLoader (I)Lsun/misc/URLClassPath$Loader; 2041 129 6527 0 -1
ciMethod sun/misc/URLClassPath getLoader (Ljava/net/URL;)Lsun/misc/URLClassPath$Loader; 129 1 944 1 0
ciMethod sun/misc/URLClassPath push ([Ljava/net/URL;)V 17 6841 33 0 0
ciMethod sun/misc/URLClassPath access$1500 ()Z 865 1 108 0 -1
ciMethodData java/util/HashMap hash (Ljava/lang/Object;)I 2 44313 orig 264 104 147 185 99 0 0 0 0 240 156 44 41 0 0 0 0 176 1 0 0 0 0 0 0 0 0 0 0 0 0 0 0 0 0 0 0 0 0 0 0 0 0 0 0 0 0 0 0 0 0 0 0 0 0 0 0 0 0 0 0 0 0 0 0 0 0 0 0 0 0 0 0 0 0 0 0 0 0 0 0 77 68 79 32 101 120 116 114 97 32 100 97 116 97 32 108 111 99 107 0 0 0 0 0 0 0 0 0 0 0 0 0 0 0 0 0 0 0 0 0 0 0 0 0 0 0 0 0 0 0 0 0 0 0 0 0 0 0 0 0 0 0 0 0 0 0 0 0 0 0 0 0 0 0 0 0 0 0 0 0 0 0 0 0 0 0 0 0 0 0 0 0 0 0 0 0 0 0 0 2 0 0 0 0 17 0 0 0 0 0 0 0 0 0 0 0 0 0 0 0 0 0 0 0 0 0 0 0 0 0 0 0 0 0 0 0 0 2 0 0 201 88 5 0 1 0 0 0 47 88 0 0 0 0 0 0 2 0 0 0 0 0 0 0 0 0 0 0 104 0 0 0 255 255 255 255 7 224 1 0 0 0 0 0 data 13 0x1e007 0xaaf9 0x38 0x22 0x50003 0x22 0x48 0x90005 0x34cb 0x4c8e4730 0x72e7 0x4c8e47c0 0x347 oops 2 9 java/lang/String 11 java/lang/Class
ciMethodData java/util/HashMap getNode (ILjava/lang/Object;)Ljava/util/HashMap$Node; 2 5632 orig 264 104 147 185 99 0 0 0 0 160 166 44 41 0 0 0 0 8 4 0 0 176 1 0 0 0 0 0 0 0 0 0 0 0 0 0 0 0 0 0 0 0 0 0 0 0 0 0 0 0 0 0 0 0 0 0 0 0 0 0 0 0 0 0 0 0 0 0 0 0 0 0 0 0 0 0 0 0 0 0 0 77 68 79 32 101 120 116 114 97 32 100 97 116 97 32 108 111 99 107 0 0 0 0 0 0 0 0 0 0 0 0 0 0 0 0 0 0 0 0 0 0 0 0 0 0 0 0 0 0 0 0 0 0 0 0 0 0 0 0 0 0 0 0 0 0 0 0 0 0 0 0 0 0 0 0 0 0 0 0 0 0 0 0 0 0 0 0 0 0 0 0 0 0 0 0 0 0 0 0 0 0 0 0 0 17 0 0 0 0 0 0 0 0 0 0 0 0 0 0 0 1 0 0 0 0 0 0 0 0 0 0 0 0 0 0 0 0 2 0 0 1 160 0 0 225 8 0 0 0 0 0 0 0 0 0 0 2 0 0 0 1 0 37 0 2 0 0 0 176 2 0 0 255 255 255 255 7 0 6 0 0 0 0 0 data 86 0x60007 0xc1 0x2b0 0x133f 0xe0007 0x0 0x290 0x133f 0x1c0007 0x697 0x270 0xca8 0x250007 0x541 0xb0 0x767 0x310007 0x46c 0x90 0x2fb 0x350007 0x0 0x70 0x2fb 0x3b0005 0xbe 0x4c8e4730 0x230 0x29b88d50 0xd 0x3e0007 0xe 0x20 0x2ed 0x4c0007 0x29d 0x1a0 0x2b2 0x510004 0xfffffffffffffd4e 0xc1e20950 0x1e7 0x623eb8e0 0x5 0x540007 0x2b2 0x80 0x0 0x590004 0x0 0x0 0x0 0x0 0x0 0x5e0005 0x0 0x0 0x0 0x0 0x0 0x680007 0x191 0xb0 0x1e1 0x740007 0x10a 0x90 0xd7 0x780007 0x0 0x70 0xd7 0x7e0005 0x28 0x4c8e4730 0xaa 0x29b88d50 0x5 0x810007 0x1 0x20 0xd6 0x8f0007 0xc0 0xffffffffffffff50 0xd2 oops 6 26 java/lang/String 28 java/io/File 40 java/util/LinkedHashMap$Entry 42 java/util/HashMap$Node 74 java/lang/String 76 java/io/File
ciMethodData java/lang/String toLowerCase ()Ljava/lang/String; 2 63572 orig 264 104 147 185 99 0 0 0 0 176 105 30 41 0 0 0 0 136 1 0 0 0 0 0 0 0 0 0 0 0 0 0 0 0 0 0 0 0 0 0 0 0 0 0 0 0 0 0 0 0 0 0 0 0 0 0 0 0 0 0 0 0 0 0 0 0 0 0 0 0 0 0 0 0 0 0 0 0 0 0 0 77 68 79 32 101 120 116 114 97 32 100 97 116 97 32 108 111 99 107 0 0 0 0 0 0 0 0 0 0 0 0 0 0 0 0 0 0 0 0 0 0 0 0 0 0 0 0 0 0 0 0 0 0 0 0 0 0 0 0 0 0 0 0 0 0 0 0 0 0 0 0 0 0 0 0 0 0 0 0 0 0 0 0 0 0 0 0 0 0 0 0 0 0 0 0 0 0 0 0 0 0 0 0 0 0 0 0 0 0 0 0 0 0 0 0 0 0 0 0 0 0 0 0 0 0 0 0 0 0 0 0 0 0 0 0 0 0 2 0 0 161 178 7 0 1 0 0 0 0 0 0 0 0 0 0 0 2 0 0 0 0 0 3 0 2 0 0 0 64 0 0 0 255 255 255 255 2 0 1 0 0 0 0 0 data 8 0x10002 0xf654 0x40005 0x181 0x4c8e4730 0xf4d3 0x0 0x0 oops 1 4 java/lang/String
ciMethodData java/util/Locale getDefault ()Ljava/util/Locale; 2 74398 orig 264 104 147 185 99 0 0 0 0 120 80 55 41 0 0 0 0 24 1 0 0 0 0 0 0 0 0 0 0 0 0 0 0 0 0 0 0 0 0 0 0 0 0 0 0 0 0 0 0 0 0 0 0 0 0 0 0 0 0 0 0 0 0 0 0 0 0 0 0 0 0 0 0 0 0 0 0 0 0 0 0 77 68 79 32 101 120 116 114 97 32 100 97 116 97 32 108 111 99 107 0 0 0 0 0 0 0 0 0 0 0 0 0 0 0 0 0 0 0 0 0 0 0 0 0 0 0 0 0 0 0 0 0 0 0 0 0 0 0 0 0 0 0 0 0 0 0 0 0 0 0 0 0 0 0 0 0 0 0 0 0 0 0 0 0 0 0 0 0 0 0 0 0 0 0 0 0 0 0 0 0 0 0 0 0 0 0 0 0 0 0 0 0 0 0 0 0 0 0 0 0 0 0 0 0 0 0 0 0 0 0 0 0 0 0 0 0 0 2 0 0 241 4 9 0 1 0 0 0 0 0 0 0 0 0 0 0 2 0 0 0 0 0 3 0 1 0 0 0 0 0 0 0 255 255 255 255 0 0 0 0 0 0 0 0 data 0 oops 0
ciMethodData java/util/ArrayList add (Ljava/lang/Object;)Z 2 9082 orig 264 104 147 185 99 0 0 0 0 0 27 43 41 0 0 0 0 144 1 0 0 0 0 0 0 0 0 0 0 0 0 0 0 0 0 0 0 0 0 0 0 0 0 0 0 0 0 0 0 0 0 0 0 0 0 0 0 0 0 0 0 0 0 0 0 0 0 0 0 0 0 0 0 0 0 0 0 0 0 0 0 77 68 79 32 101 120 116 114 97 32 100 97 116 97 32 108 111 99 107 0 0 0 0 0 0 0 0 0 0 0 0 0 0 0 0 0 0 0 0 0 0 0 0 0 0 0 0 0 0 0 0 0 0 0 0 0 0 0 0 0 0 0 0 0 0 0 0 0 0 0 0 0 0 0 0 0 0 0 0 0 0 0 0 0 0 0 0 0 0 0 0 0 0 0 0 0 0 0 0 0 0 0 0 0 17 0 0 0 0 0 0 0 0 0 0 0 0 0 0 0 1 0 0 0 0 0 0 0 0 0 0 0 0 0 0 0 0 2 0 0 209 11 1 0 1 0 0 0 0 0 0 0 0 0 0 0 2 0 0 0 0 0 15 0 2 0 0 0 64 0 0 0 255 255 255 255 2 0 7 0 0 0 0 0 data 8 0x70002 0x217a 0x1a0104 0x0 0x29b88e70 0x194 0x552d9740 0x35b oops 2 4 java/net/URL 6 sun/misc/URLClassPath$JarLoader
ciMethodData java/util/ArrayList ensureCapacityInternal (I)V 2 10255 orig 264 104 147 185 99 0 0 0 0 120 16 43 41 0 0 0 0 112 1 0 0 0 0 0 0 0 0 0 0 0 0 0 0 0 0 0 0 0 0 0 0 0 0 0 0 0 0 0 0 0 0 0 0 0 0 0 0 0 0 0 0 0 0 0 0 0 0 0 0 0 0 0 0 0 0 0 0 0 0 0 0 77 68 79 32 101 120 116 114 97 32 100 97 116 97 32 108 111 99 107 0 0 0 0 0 0 0 0 0 0 0 0 0 0 0 0 0 0 0 0 0 0 0 0 0 0 0 0 0 0 0 0 0 0 0 0 0 0 0 0 0 0 0 0 0 0 0 0 0 0 0 0 0 0 0 0 0 0 0 0 0 0 0 0 0 0 0 0 0 0 0 0 0 0 0 0 0 0 0 0 0 0 0 0 0 17 0 0 0 0 0 0 0 0 0 0 0 0 0 0 0 1 0 0 0 0 0 0 0 0 0 0 0 0 0 0 0 0 2 0 0 121 48 1 0 1 0 0 0 0 0 0 0 0 0 0 0 2 0 0 0 0 0 14 0 2 0 0 0 32 0 0 0 255 255 255 255 2 0 6 0 0 0 0 0 data 4 0x60002 0x260f 0x90002 0x260f oops 0
ciMethodData java/util/ArrayList calculateCapacity ([Ljava/lang/Object;I)I 2 10255 orig 264 104 147 185 99 0 0 0 0 216 15 43 41 0 0 0 0 128 1 0 0 0 0 0 0 0 0 0 0 0 0 0 0 0 0 0 0 0 0 0 0 0 0 0 0 0 0 0 0 0 0 0 0 0 0 0 0 0 0 0 0 0 0 0 0 0 0 0 0 0 0 0 0 0 0 0 0 0 0 0 0 77 68 79 32 101 120 116 114 97 32 100 97 116 97 32 108 111 99 107 0 0 0 0 0 0 0 0 0 0 0 0 0 0 0 0 0 0 0 0 0 0 0 0 0 0 0 0 0 0 0 0 0 0 0 0 0 0 0 0 0 0 0 0 0 0 0 0 0 0 0 0 0 0 0 0 0 0 0 0 0 0 0 0 0 0 0 0 0 0 0 0 0 0 0 0 0 0 0 0 0 0 0 0 0 0 0 0 0 0 0 0 0 0 0 0 0 0 0 0 0 0 0 0 0 0 0 0 0 0 0 0 0 0 0 0 0 0 2 0 0 121 48 1 0 1 0 0 0 0 0 0 0 0 0 0 0 2 0 0 0 0 0 9 0 2 0 0 0 48 0 0 0 255 255 255 255 7 0 4 0 0 0 0 0 data 6 0x40007 0x1d10 0x30 0x8ff 0xa0002 0x8ff oops 0
ciMethodData java/util/ArrayList ensureExplicitCapacity (I)V 2 10255 orig 264 104 147 185 99 0 0 0 0 40 17 43 41 0 0 0 0 88 1 0 0 0 0 0 0 0 0 0 0 0 0 0 0 0 0 0 0 0 0 0 0 0 0 0 0 0 0 0 0 0 0 0 0 0 0 0 0 0 0 0 0 0 0 0 0 0 0 0 0 0 0 0 0 0 0 0 0 0 0 0 0 77 68 79 32 101 120 116 114 97 32 100 97 116 97 32 108 111 99 107 0 0 0 0 0 0 0 0 0 0 0 0 0 0 0 0 0 0 0 0 0 0 0 0 0 0 0 0 0 0 0 0 0 0 0 0 0 0 0 0 0 0 0 0 0 0 0 0 0 0 0 0 0 0 0 0 0 0 0 0 0 0 0 0 0 0 0 0 0 0 0 0 0 0 0 0 0 0 0 0 0 0 0 0 0 17 0 0 0 0 0 0 0 0 0 0 0 0 0 0 0 1 0 0 0 0 0 0 0 0 0 0 0 0 0 0 0 0 2 0 0 121 48 1 0 1 0 0 0 0 0 0 0 0 0 0 0 2 0 0 0 0 0 6 0 2 0 0 0 48 0 0 0 255 255 255 255 7 0 17 0 0 0 0 0 data 6 0x110007 0x1c72 0x30 0x99d 0x160002 0x99d oops 0
ciMethod sun/net/util/URLUtil urlNoFragString (Ljava/net/URL;)Ljava/lang/String; 129 1 1778 0 0
ciMethod sun/misc/URLClassPath$3 <init> (Lsun/misc/URLClassPath;Ljava/net/URL;)V 129 1 944 0 0
ciMethod sun/misc/URLClassPath$JarLoader ensureOpen ()V 313 1 5159 12 256
ciMethod sun/misc/URLClassPath$JarLoader getClassPath ()[Ljava/net/URL; 2049 1 859 0 0
ciMethod sun/misc/URLClassPath$JarLoader parseExtensionsDependencies ()V 1889 1 833 0 0
ciMethod sun/misc/URLClassPath$JarLoader parseClassPath (Ljava/net/URL;Ljava/lang/String;)[Ljava/net/URL; 81 225 31 0 0
ciMethod sun/misc/URLClassPath$JarLoader safeResolve (Ljava/net/URL;Ljava/lang/String;)Ljava/net/URL; 0 0 1 0 -1
ciMethod sun/misc/URLClassPath$Loader getClassPath ()[Ljava/net/URL; 0 0 1 0 -1
ciMethod sun/misc/URLClassPath$JarLoader$1 <init> (Lsun/misc/URLClassPath$JarLoader;)V 473 1 926 0 -1
ciMethod java/security/PrivilegedActionException getException ()Ljava/lang/Exception; 105 1 13 0 0
ciMethod java/util/jar/JarFile getManifest ()Ljava/util/jar/Manifest; 657 1 4168 0 -1
ciMethod sun/misc/JavaUtilJarAccess jarFileHasClassPathAttribute (Ljava/util/jar/JarFile;)Z 0 0 1 0 -1
ciMethod sun/misc/ExtensionDependency <init> ()V 0 0 1 0 0
ciMethod sun/misc/ExtensionDependency checkExtensionsDependencies (Ljava/util/jar/JarFile;)Z 1889 1 833 0 0
ciMethod sun/misc/ExtensionDependency checkExtensions (Ljava/util/jar/JarFile;)Z 0 0 1 0 0
ciMethod java/util/jar/Attributes get (Ljava/lang/Object;)Ljava/lang/Object; 2049 1 7214 0 -1
ciMethod java/util/jar/Attributes getValue (Ljava/util/jar/Attributes$Name;)Ljava/lang/String; 1281 1 5985 0 1472
ciMethodData sun/misc/URLClassPath getLoader (I)Lsun/misc/URLClassPath$Loader; 2 6527 orig 264 104 147 185 99 0 0 0 0 216 173 58 41 0 0 0 0 16 7 0 0 48 5 0 0 0 0 0 0 0 0 0 0 0 0 0 0 0 0 0 0 0 0 0 0 0 0 0 0 0 0 0 0 0 0 0 0 0 0 0 0 0 0 0 0 0 0 0 0 0 0 0 0 0 0 0 0 0 0 0 0 77 68 79 32 101 120 116 114 97 32 100 97 116 97 32 108 111 99 107 0 0 0 0 0 0 0 0 0 0 0 0 0 0 0 0 0 0 0 0 0 0 0 0 0 0 0 0 0 0 0 0 0 0 0 0 0 0 0 0 0 0 0 0 0 4 0 0 0 0 0 0 0 0 0 0 0 0 0 0 0 0 0 0 0 0 0 0 0 0 0 0 0 0 0 0 0 0 0 0 0 0 0 0 0 0 0 0 0 0 0 0 0 0 0 0 0 0 0 0 0 0 0 0 0 0 0 0 0 0 0 0 0 0 0 0 0 255 0 0 0 1 196 0 0 217 29 0 0 0 0 0 0 0 0 0 0 2 0 0 0 1 0 72 0 2 0 0 0 192 5 0 0 255 255 255 255 7 0 4 0 0 0 0 0 data 184 0x40007 0x187f 0x20 0x0 0xd0005 0x0 0x552d9530 0x1c3a 0x0 0x0 0x130007 0x1817 0x420 0x423 0x210005 0x0 0x552d95e0 0x423 0x0 0x0 0x240007 0x3bb 0x20 0x68 0x2f0005 0x0 0x552d95e0 0x3bb 0x0 0x0 0x320004 0x0 0x29b88e70 0x3bb 0x0 0x0 0x380003 0x3bb 0x18 0x430002 0x3bb 0x4c0005 0x0 0x552d9690 0x3bb 0x0 0x0 0x4f0007 0x3a0 0x38 0x1b 0x520003 0x1b 0xfffffffffffffe88 0x570002 0x3a0 0x5e0005 0x0 0x552d9740 0x34c 0x0 0x0 0x650007 0x32e 0x30 0x1e 0x6b0002 0x1e 0x6e0003 0x34c 0x198 0x730003 0x54 0xfffffffffffffde8 0x7b0007 0x0 0x150 0x0 0x850002 0x0 0x8a0005 0x0 0x0 0x0 0x0 0x0 0x8e0005 0x0 0x0 0x0 0x0 0x0 0x930005 0x0 0x0 0x0 0x0 0x0 0x980005 0x0 0x0 0x0 0x0 0x0 0x9b0005 0x0 0x0 0x0 0x0 0x0 0x9e0005 0x0 0x0 0x0 0x0 0x0 0xa10003 0x0 0xfffffffffffffc80 0xa90005 0x0 0x552d9530 0x34c 0x0 0x0 0xad0002 0x34c 0xb60005 0x0 0x552d9530 0x34c 0x0 0x0 0xc10005 0x0 0x552d9690 0x34c 0x0 0x0 0xc50003 0x34c 0xfffffffffffffbc8 0xcb0007 0x1817 0xf0 0x0 0xd50002 0x0 0xda0005 0x0 0x0 0x0 0x0 0x0 0xde0005 0x0 0x0 0x0 0x0 0x0 0xe10005 0x0 0x0 0x0 0x0 0x0 0xe40005 0x0 0x0 0x0 0x0 0x0 0xec0005 0x0 0x552d9530 0x1817 0x0 0x0 0xef0004 0x0 0x552d9740 0x1817 0x0 0x0 oops 11 6 java/util/ArrayList 16 java/util/Stack 26 java/util/Stack 32 java/net/URL 43 java/util/HashMap 58 sun/misc/URLClassPath$JarLoader 121 java/util/ArrayList 129 java/util/ArrayList 135 java/util/HashMap 174 java/util/ArrayList 180 sun/misc/URLClassPath$JarLoader
ciMethodData java/util/Stack empty ()Z 2 2715 orig 264 104 147 185 99 0 0 0 0 192 176 42 41 0 0 0 0 176 1 0 0 0 0 0 0 0 0 0 0 0 0 0 0 0 0 0 0 0 0 0 0 0 0 0 0 0 0 0 0 0 0 0 0 0 0 0 0 0 0 0 0 0 0 0 0 0 0 0 0 0 0 0 0 0 0 0 0 0 0 0 0 77 68 79 32 101 120 116 114 97 32 100 97 116 97 32 108 111 99 107 0 0 0 0 0 0 0 0 0 0 0 0 0 0 0 0 0 0 0 0 0 0 0 0 0 0 0 0 0 0 0 0 0 0 0 0 0 0 0 0 0 0 0 0 0 0 0 0 0 0 0 0 0 0 0 0 0 0 0 0 0 0 0 0 0 0 0 0 0 0 0 0 0 0 0 0 0 0 0 0 0 0 0 0 0 0 0 0 0 0 0 0 0 0 0 0 0 0 0 0 0 0 0 0 0 0 0 0 0 0 0 0 0 0 0 0 0 42 0 0 0 137 83 0 0 1 0 0 0 0 0 0 0 0 0 0 0 2 0 0 0 0 0 7 0 2 0 0 0 104 0 0 0 255 255 255 255 5 0 1 0 0 0 0 0 data 13 0x10005 0x0 0x552d95e0 0xa71 0x0 0x0 0x40007 0x9a2 0x38 0xcf 0x80003 0xcf 0x18 oops 1 2 java/util/Stack
ciMethodData java/util/Stack pop ()Ljava/lang/Object; 2 2708 orig 264 104 147 185 99 0 0 0 0 112 175 42 41 0 0 0 0 216 1 0 0 0 0 0 0 0 0 0 0 0 0 0 0 0 0 0 0 0 0 0 0 0 0 0 0 0 0 0 0 0 0 0 0 0 0 0 0 0 0 0 0 0 0 0 0 0 0 0 0 0 0 0 0 0 0 0 0 0 0 0 0 77 68 79 32 101 120 116 114 97 32 100 97 116 97 32 108 111 99 107 0 0 0 0 0 0 0 0 0 0 0 0 0 0 0 0 0 0 0 0 0 0 0 0 0 0 0 0 0 0 0 0 0 0 0 0 0 0 0 0 0 0 0 0 0 0 0 0 0 0 0 0 0 0 0 0 0 0 0 0 0 0 0 0 0 0 0 0 0 0 0 0 0 0 0 0 0 0 0 0 0 0 0 0 0 0 0 0 0 0 0 0 0 0 0 0 0 0 0 0 0 0 0 0 0 0 0 0 0 0 0 0 0 0 0 0 0 17 0 0 0 25 84 0 0 1 0 0 0 0 0 0 0 0 0 0 0 2 0 0 0 0 0 9 0 2 0 0 0 144 0 0 0 255 255 255 255 5 0 1 0 0 0 0 0 data 18 0x10005 0x0 0x552d95e0 0xa83 0x0 0x0 0x60005 0x0 0x552d95e0 0xa83 0x0 0x0 0xe0005 0x0 0x552d95e0 0xa83 0x0 0x0 oops 3 2 java/util/Stack 8 java/util/Stack 14 java/util/Stack
ciMethodData java/util/Stack peek ()Ljava/lang/Object; 2 2798 orig 264 104 147 185 99 0 0 0 0 32 176 42 41 0 0 0 0 216 1 0 0 80 0 0 0 0 0 0 0 0 0 0 0 0 0 0 0 0 0 0 0 0 0 0 0 0 0 0 0 0 0 0 0 0 0 0 0 0 0 0 0 0 0 0 0 0 0 0 0 0 0 0 0 0 0 0 0 0 0 0 0 77 68 79 32 101 120 116 114 97 32 100 97 116 97 32 108 111 99 107 0 0 0 0 0 0 0 0 0 0 0 0 0 0 0 0 0 0 0 0 0 0 0 0 0 0 0 0 0 0 0 0 0 0 0 0 0 0 0 0 0 0 0 0 0 0 0 0 0 0 0 0 0 0 0 0 0 0 0 0 0 0 0 0 0 0 0 0 0 0 0 0 0 0 0 0 0 0 0 0 0 0 0 0 0 0 0 0 0 0 0 0 0 0 0 0 0 0 0 0 0 0 0 0 0 0 0 0 0 0 0 0 0 0 0 0 0 18 0 0 0 225 86 0 0 1 0 0 0 0 0 0 0 0 0 0 0 2 0 0 0 0 0 6 0 2 0 0 0 144 0 0 0 255 255 255 255 5 0 1 0 0 0 0 0 data 18 0x10005 0x0 0x552d95e0 0xadc 0x0 0x0 0x60007 0xadc 0x30 0x0 0xd0002 0x0 0x150005 0x0 0x552d95e0 0xadc 0x0 0x0 oops 2 2 java/util/Stack 14 java/util/Stack
ciMethodData java/util/Vector elementAt (I)Ljava/lang/Object; 2 5715 orig 264 104 147 185 99 0 0 0 0 152 79 42 41 0 0 0 0 128 2 0 0 240 0 0 0 0 0 0 0 0 0 0 0 0 0 0 0 0 0 0 0 0 0 0 0 0 0 0 0 0 0 0 0 0 0 0 0 0 0 0 0 0 0 0 0 0 0 0 0 0 0 0 0 0 0 0 0 0 0 0 0 77 68 79 32 101 120 116 114 97 32 100 97 116 97 32 108 111 99 107 0 0 0 0 0 0 0 0 0 0 0 0 0 0 0 0 0 0 0 0 0 0 0 0 0 0 0 0 0 0 0 0 0 0 0 0 0 0 0 0 0 0 0 0 0 0 0 0 0 0 0 0 0 0 0 0 0 0 0 0 0 0 0 0 0 0 0 0 0 0 0 0 0 0 0 0 0 0 0 0 0 0 0 0 0 0 0 0 0 0 0 0 0 0 0 0 0 0 0 0 0 0 0 0 0 0 0 0 0 0 0 0 0 0 0 0 0 38 0 0 0 105 177 0 0 1 0 0 0 0 0 0 0 0 0 0 0 2 0 0 0 0 0 5 0 2 0 0 0 48 1 0 0 255 255 255 255 7 0 5 0 0 0 0 0 data 38 0x50007 0x162d 0x100 0x0 0x100002 0x0 0x140005 0x0 0x0 0x0 0x0 0x0 0x190005 0x0 0x0 0x0 0x0 0x0 0x200005 0x0 0x0 0x0 0x0 0x0 0x230005 0x0 0x0 0x0 0x0 0x0 0x260002 0x0 0x2c0005 0x5 0x552d95e0 0xa7b 0xc1658580 0xbad oops 2 34 java/util/Stack 36 java/util/Vector
ciMethodData java/util/Vector removeElementAt (I)V 2 3275 orig 264 104 147 185 99 0 0 0 0 200 82 42 41 0 0 0 0 224 2 0 0 80 1 0 0 0 0 0 0 0 0 0 0 0 0 0 0 0 0 0 0 0 0 0 0 0 0 0 0 0 0 0 0 0 0 0 0 0 0 0 0 0 0 0 0 0 0 0 0 0 0 0 0 0 0 0 0 0 0 0 0 77 68 79 32 101 120 116 114 97 32 100 97 116 97 32 108 111 99 107 0 0 0 0 0 0 0 0 0 0 0 0 0 0 0 0 0 0 0 0 0 0 0 0 0 0 0 0 0 0 0 0 0 0 0 0 0 0 0 0 0 0 0 0 0 0 0 0 0 0 0 0 0 0 0 0 0 0 0 0 0 0 0 0 0 0 0 0 0 0 0 0 0 0 0 0 0 0 0 0 0 0 0 0 0 25 0 0 0 0 0 0 0 0 0 0 0 0 0 0 0 1 0 0 0 0 0 0 0 0 0 0 0 0 0 0 0 17 0 0 0 209 101 0 0 1 0 0 0 0 0 0 0 0 0 0 0 2 0 0 0 0 0 10 0 2 0 0 0 144 1 0 0 255 255 255 255 7 0 15 0 0 0 0 0 data 50 0xf0007 0xcba 0x100 0x0 0x1a0002 0x0 0x1e0005 0x0 0x0 0x0 0x0 0x0 0x230005 0x0 0x0 0x0 0x0 0x0 0x2a0005 0x0 0x0 0x0 0x0 0x0 0x2d0005 0x0 0x0 0x0 0x0 0x0 0x300002 0x0 0x350007 0xcba 0x30 0x0 0x3d0002 0x0 0x4b0007 0xcb5 0x30 0x5 0x5b0002 0x5 0x710104 0x0 0x0 0x0 0x0 0x0 oops 0
ciMethodData sun/net/util/URLUtil urlNoFragString (Ljava/net/URL;)Ljava/lang/String; 2 1778 orig 264 104 147 185 99 0 0 0 0 152 57 62 41 0 0 0 0 152 4 0 0 240 2 0 0 0 0 0 0 0 0 0 0 0 0 0 0 0 0 0 0 0 0 0 0 0 0 0 0 0 0 0 0 0 0 0 0 0 0 0 0 0 0 0 0 0 0 0 0 0 0 0 0 0 0 0 0 0 0 0 0 77 68 79 32 101 120 116 114 97 32 100 97 116 97 32 108 111 99 107 0 0 0 0 0 0 0 0 0 0 0 0 0 0 0 0 0 0 0 0 0 0 0 0 0 0 0 0 0 0 0 0 0 0 0 0 0 0 0 0 0 0 0 0 0 0 0 0 0 0 0 0 0 0 0 0 0 0 0 0 0 0 0 0 0 0 0 0 0 0 0 0 0 0 0 0 0 0 0 0 0 0 0 0 0 25 0 0 0 0 0 0 0 0 0 0 0 0 0 0 0 1 0 0 0 0 0 0 0 0 0 0 0 0 0 0 0 16 0 0 0 17 55 0 0 1 0 0 0 0 0 0 0 0 0 0 0 2 0 0 0 0 0 17 0 2 0 0 0 80 3 0 0 255 255 255 255 2 0 4 0 0 0 0 0 data 106 0x40002 0x6e2 0x90005 0x102 0x29b88e70 0x5e0 0x0 0x0 0xe0007 0x0 0xb0 0x6e2 0x120005 0x102 0x4c8e4730 0x5e0 0x0 0x0 0x180005 0x102 0x29b88af0 0x5e0 0x0 0x0 0x1f0005 0x102 0x29b88af0 0x5e0 0x0 0x0 0x240005 0x102 0x29b88e70 0x5e0 0x0 0x0 0x290007 0x0 0x180 0x6e2 0x2d0005 0x102 0x4c8e4730 0x5e0 0x0 0x0 0x330005 0x102 0x29b88af0 0x5e0 0x0 0x0 0x380005 0x102 0x29b88e70 0x5e0 0x0 0x0 0x400007 0x0 0x50 0x6e2 0x440005 0x102 0x29b88e70 0x5e0 0x0 0x0 0x4c0007 0x6e2 0x80 0x0 0x520005 0x0 0x0 0x0 0x0 0x0 0x570005 0x0 0x0 0x0 0x0 0x0 0x5c0005 0x102 0x29b88e70 0x5e0 0x0 0x0 0x630007 0x0 0x50 0x6e2 0x690005 0x102 0x29b88af0 0x5e0 0x0 0x0 0x6e0005 0x102 0x29b88af0 0x5e0 0x0 0x0 oops 12 4 java/net/URL 14 java/lang/String 20 java/lang/StringBuilder 26 java/lang/StringBuilder 32 java/net/URL 42 java/lang/String 48 java/lang/StringBuilder 54 java/net/URL 64 java/net/URL 86 java/net/URL 96 java/lang/StringBuilder 102 java/lang/StringBuilder
ciMethodData java/util/HashMap containsKey (Ljava/lang/Object;)Z 2 5138 orig 264 104 147 185 99 0 0 0 0 64 167 44 41 0 0 0 0 200 1 0 0 0 0 0 0 0 0 0 0 0 0 0 0 0 0 0 0 0 0 0 0 0 0 0 0 0 0 0 0 0 0 0 0 0 0 0 0 0 0 0 0 0 0 0 0 0 0 0 0 0 0 0 0 0 0 0 0 0 0 0 0 77 68 79 32 101 120 116 114 97 32 100 97 116 97 32 108 111 99 107 0 0 0 0 0 0 0 0 0 0 0 0 0 0 0 0 0 0 0 0 0 0 0 0 0 0 0 0 0 0 0 0 0 0 0 0 0 0 0 0 0 0 0 0 0 0 0 0 0 0 0 0 0 0 0 0 0 0 0 0 0 0 0 0 0 0 0 0 0 0 0 0 0 0 0 0 0 0 0 0 0 0 0 0 0 0 0 0 0 0 0 0 0 0 0 0 0 0 0 0 0 0 0 0 0 0 0 0 0 0 0 0 0 0 0 0 0 16 0 0 0 17 160 0 0 1 0 0 0 0 0 0 0 0 0 0 0 2 0 0 0 0 0 10 0 2 0 0 0 120 0 0 0 255 255 255 255 2 0 2 0 0 0 0 0 data 15 0x20002 0x1402 0x60005 0x83 0x552d9690 0x11df 0x55426170 0x1a0 0x90007 0xcbf 0x38 0x743 0xd0003 0x743 0x18 oops 2 4 java/util/HashMap 6 java/util/LinkedHashMap
ciMethodData sun/misc/URLClassPath getLoader (Ljava/net/URL;)Lsun/misc/URLClassPath$Loader; 1 944 orig 264 104 147 185 99 0 0 0 0 152 174 58 41 0 0 0 0 0 2 0 0 0 0 0 0 0 0 0 0 0 0 0 0 0 0 0 0 0 0 0 0 0 0 0 0 0 0 0 0 0 0 0 0 0 0 0 0 0 0 0 0 0 0 0 0 0 0 0 0 0 0 0 0 0 0 0 0 0 0 0 0 77 68 79 32 101 120 116 114 97 32 100 97 116 97 32 108 111 99 107 0 0 0 0 0 0 0 0 0 0 0 0 0 0 0 0 0 0 0 0 0 0 0 0 0 0 0 0 0 0 0 0 0 0 0 0 0 0 0 0 0 0 0 0 0 0 0 0 0 0 0 0 0 0 0 0 0 0 0 0 0 0 0 0 0 0 0 0 0 0 0 0 0 0 0 0 0 0 0 0 0 0 0 0 0 0 0 0 0 0 0 0 0 0 0 0 0 0 0 0 0 0 0 0 0 0 0 0 0 0 0 0 0 0 0 0 0 16 0 0 0 1 29 0 0 1 0 0 0 0 0 0 0 0 0 0 0 2 0 0 0 0 0 0 0 0 0 0 0 176 0 0 0 255 255 255 255 2 0 6 0 0 0 0 0 data 22 0x60002 0x3a0 0xd0002 0x3a0 0x100004 0x0 0x552d9740 0x34c 0x0 0x0 0x160005 0x0 0xc1e24bb0 0x54 0x0 0x0 0x190004 0x0 0xc1e259e0 0x54 0x0 0x0 oops 3 6 sun/misc/URLClassPath$JarLoader 12 java/security/PrivilegedActionException 18 java/io/FileNotFoundException
ciMethodData sun/misc/URLClassPath$3 <init> (Lsun/misc/URLClassPath;Ljava/net/URL;)V 1 944 orig 264 104 147 185 99 0 0 0 0 56 68 62 41 0 0 0 0 64 1 0 0 0 0 0 0 0 0 0 0 0 0 0 0 0 0 0 0 0 0 0 0 0 0 0 0 0 0 0 0 0 0 0 0 0 0 0 0 0 0 0 0 0 0 0 0 0 0 0 0 0 0 0 0 0 0 0 0 0 0 0 0 77 68 79 32 101 120 116 114 97 32 100 97 116 97 32 108 111 99 107 0 0 0 0 0 0 0 0 0 0 0 0 0 0 0 0 0 0 0 0 0 0 0 0 0 0 0 0 0 0 0 0 0 0 0 0 0 0 0 0 0 0 0 0 0 0 0 0 0 0 0 0 0 0 0 0 0 0 0 0 0 0 0 0 0 0 0 0 0 0 0 0 0 0 0 0 0 0 0 0 0 0 0 0 0 0 0 0 0 0 0 0 0 0 0 0 0 0 0 0 0 0 0 0 0 0 0 0 0 0 0 0 0 0 0 0 0 16 0 0 0 1 29 0 0 1 0 0 0 0 0 0 0 0 0 0 0 2 0 0 0 0 0 0 0 0 0 0 0 16 0 0 0 255 255 255 255 2 0 11 0 0 0 0 0 data 2 0xb0002 0x3a0 oops 0
ciMethodData sun/misc/URLClassPath validateLookupCache (ILjava/lang/String;)V 1 859 orig 264 104 147 185 99 0 0 0 0 16 171 58 41 0 0 0 0 56 3 0 0 208 1 0 0 0 0 0 0 0 0 0 0 0 0 0 0 0 0 0 0 0 0 0 0 0 0 0 0 0 0 0 0 0 0 0 0 0 0 0 0 0 0 0 0 0 0 0 0 0 0 0 0 0 0 0 0 0 0 0 0 77 68 79 32 101 120 116 114 97 32 100 97 116 97 32 108 111 99 107 0 0 0 0 0 0 0 0 0 0 0 0 0 0 0 0 0 0 0 0 0 0 0 0 0 0 0 0 0 0 0 0 0 0 0 0 0 0 0 0 0 0 0 0 0 0 0 0 0 0 0 0 0 0 0 0 0 0 0 0 0 0 0 0 0 0 0 0 0 0 0 0 0 0 0 0 0 0 0 0 0 0 0 0 0 0 0 0 0 0 0 0 0 0 0 0 0 0 0 0 0 0 0 0 0 0 0 0 0 0 0 0 0 0 0 0 0 15 0 0 0 97 26 0 0 1 0 0 0 0 0 0 0 0 0 0 0 2 0 0 0 0 0 15 0 2 0 0 0 224 1 0 0 255 255 255 255 7 0 4 0 0 0 0 0 data 60 0x40007 0x34c 0x1e0 0x0 0xa0007 0x0 0x1c0 0x0 0x130007 0x0 0x80 0x0 0x1d0002 0x0 0x200005 0x0 0x0 0x0 0x0 0x0 0x230007 0x0 0x20 0x0 0x2a0007 0x0 0x40 0x0 0x300007 0x0 0xf0 0x0 0x3a0002 0x0 0x3f0005 0x0 0x0 0x0 0x0 0x0 0x430005 0x0 0x0 0x0 0x0 0x0 0x460005 0x0 0x0 0x0 0x0 0x0 0x490005 0x0 0x0 0x0 0x0 0x0 0x4c0002 0x0 oops 0
ciMethodData java/util/ArrayList grow (I)V 2 2478 orig 264 104 147 185 99 0 0 0 0 240 17 43 41 0 0 0 0 176 1 0 0 64 0 0 0 0 0 0 0 0 0 0 0 0 0 0 0 0 0 0 0 0 0 0 0 0 0 0 0 0 0 0 0 0 0 0 0 0 0 0 0 0 0 0 0 0 0 0 0 0 0 0 0 0 0 0 0 0 0 0 0 77 68 79 32 101 120 116 114 97 32 100 97 116 97 32 108 111 99 107 0 0 0 0 0 0 0 0 0 0 0 0 0 0 0 0 0 0 0 0 0 0 0 0 0 0 0 0 0 0 0 0 0 0 0 0 0 0 0 0 0 0 0 0 0 0 0 0 0 0 0 0 0 0 0 0 0 0 0 0 0 0 0 0 0 0 0 0 0 0 0 0 0 0 0 0 0 0 0 0 0 0 0 0 0 17 0 0 0 0 0 0 0 0 0 0 0 0 0 0 0 1 0 0 0 0 0 0 0 0 0 0 0 0 0 0 0 25 0 0 0 169 76 0 0 1 0 0 0 0 0 0 0 0 0 0 0 2 0 0 0 0 0 15 0 2 0 0 0 96 0 0 0 255 255 255 255 7 0 15 0 0 0 0 0 data 12 0xf0007 0x9b 0x20 0x8fa 0x180007 0x995 0x30 0x0 0x1c0002 0x0 0x260002 0x995 oops 0
ciMethodData sun/misc/SharedSecrets javaUtilJarAccess ()Lsun/misc/JavaUtilJarAccess; 2 9057 orig 264 104 147 185 99 0 0 0 0 56 77 44 41 0 0 0 0 144 1 0 0 0 0 0 0 0 0 0 0 0 0 0 0 0 0 0 0 0 0 0 0 0 0 0 0 0 0 0 0 0 0 0 0 0 0 0 0 0 0 0 0 0 0 0 0 0 0 0 0 0 0 0 0 0 0 0 0 0 0 0 0 77 68 79 32 101 120 116 114 97 32 100 97 116 97 32 108 111 99 107 0 0 0 0 0 0 0 0 0 0 0 0 0 0 0 0 0 0 0 0 0 0 0 0 0 0 0 0 0 0 0 0 0 0 0 0 0 0 0 0 0 0 0 0 0 0 0 0 0 0 0 0 0 0 0 0 0 0 0 0 0 0 0 0 0 0 0 0 0 0 0 0 0 0 0 0 0 0 0 0 0 0 0 0 0 0 0 0 0 0 0 0 0 0 0 0 0 0 0 0 0 0 0 0 0 0 0 0 0 0 0 0 0 0 0 0 0 0 1 0 0 9 19 1 0 1 0 0 0 0 0 0 0 0 0 0 0 2 0 0 0 0 0 6 0 2 0 0 0 80 0 0 0 255 255 255 255 7 0 3 0 0 0 0 0 data 10 0x30007 0x2261 0x50 0x0 0xb0005 0x0 0x0 0x0 0x0 0x0 oops 0
ciMethodData java/util/Arrays copyOf ([Ljava/lang/Object;I)[Ljava/lang/Object; 2 6586 orig 264 104 147 185 99 0 0 0 0 184 70 48 41 0 0 0 0 192 1 0 0 0 0 0 0 0 0 0 0 0 0 0 0 0 0 0 0 0 0 0 0 0 0 0 0 0 0 0 0 0 0 0 0 0 0 0 0 0 0 0 0 0 0 0 0 0 0 0 0 0 0 0 0 0 0 0 0 0 0 0 0 77 68 79 32 101 120 116 114 97 32 100 97 116 97 32 108 111 99 107 0 0 0 0 0 0 0 0 0 0 0 0 0 0 0 0 0 0 0 0 0 0 0 0 0 0 0 0 0 0 0 0 0 0 0 0 0 0 0 0 0 0 0 0 0 0 0 0 0 0 0 0 0 0 0 0 0 0 0 0 0 0 0 0 0 0 0 0 0 0 0 0 0 0 0 0 0 0 0 0 0 0 0 0 0 0 0 0 0 0 0 0 0 0 0 0 0 0 0 0 0 0 0 0 0 0 0 0 0 0 0 0 0 0 0 0 0 1 1 0 0 201 197 0 0 1 0 0 0 0 0 0 0 0 0 0 0 2 0 0 0 0 0 3 0 2 0 0 0 112 0 0 0 255 255 255 255 5 0 3 0 0 0 0 0 data 14 0x30005 0xa3 0x5574dca0 0x1815 0xeab1eac0 0x1 0x60002 0x18b9 0x90004 0x0 0x0 0x0 0x0 0x0 oops 2 2 [Ljava/lang/Object; 4 [Ljava/lang/invoke/LambdaForm$BasicType;
ciMethodData java/util/Vector elementData (I)Ljava/lang/Object; 2 17452 orig 264 104 147 185 99 0 0 0 0 192 88 42 41 0 0 0 0 40 1 0 0 0 0 0 0 0 0 0 0 0 0 0 0 0 0 0 0 0 0 0 0 0 0 0 0 0 0 0 0 0 0 0 0 0 0 0 0 0 0 0 0 0 0 0 0 0 0 0 0 0 0 0 0 0 0 0 0 0 0 0 0 77 68 79 32 101 120 116 114 97 32 100 97 116 97 32 108 111 99 107 0 0 0 0 0 0 0 0 0 0 0 0 0 0 0 0 0 0 0 0 0 0 0 0 0 0 0 0 0 0 0 0 0 0 0 0 0 0 0 0 0 0 0 0 0 0 0 0 0 0 0 0 0 0 0 0 0 0 0 0 0 0 0 0 0 0 0 0 0 0 0 0 0 0 0 0 0 0 0 0 0 0 0 0 0 1 0 0 0 0 0 0 0 0 0 0 0 0 0 0 0 1 0 0 0 0 0 0 0 0 0 0 0 0 0 0 0 0 1 0 0 97 25 2 0 1 0 0 0 0 0 0 0 0 0 0 0 2 0 0 0 0 0 3 0 1 0 0 0 0 0 0 0 255 255 255 255 0 0 0 0 0 0 0 0 data 0 oops 0
ciMethodData java/net/URL getDefaultPort ()I 2 1778 orig 264 104 147 185 99 0 0 0 0 216 209 38 41 0 0 0 0 120 1 0 0 0 0 0 0 0 0 0 0 0 0 0 0 0 0 0 0 0 0 0 0 0 0 0 0 0 0 0 0 0 0 0 0 0 0 0 0 0 0 0 0 0 0 0 0 0 0 0 0 0 0 0 0 0 0 0 0 0 0 0 0 77 68 79 32 101 120 116 114 97 32 100 97 116 97 32 108 111 99 107 0 0 0 0 0 0 0 0 0 0 0 0 0 0 0 0 0 0 0 0 0 0 0 0 0 0 0 0 0 0 0 0 0 0 0 0 0 0 0 0 0 0 0 0 0 0 0 0 0 0 0 0 0 0 0 0 0 0 0 0 0 0 0 0 0 0 0 0 0 0 0 0 0 0 0 0 0 0 0 0 0 0 0 0 0 17 0 0 0 0 0 0 0 0 0 0 0 0 0 0 0 1 0 0 0 0 0 0 0 0 0 0 0 0 0 0 0 0 1 0 0 145 47 0 0 1 0 0 0 0 0 0 0 0 0 0 0 2 0 0 0 0 0 3 0 2 0 0 0 48 0 0 0 255 255 255 255 5 0 4 0 0 0 0 0 data 6 0x40005 0x0 0x623e9390 0x5f2 0x0 0x0 oops 1 2 sun/net/www/protocol/file/Handler
ciMethodData java/net/URLStreamHandler getDefaultPort ()I 2 9103 orig 264 104 147 185 99 0 0 0 0 48 48 58 41 0 0 0 0 32 1 0 0 0 0 0 0 0 0 0 0 0 0 0 0 0 0 0 0 0 0 0 0 0 0 0 0 0 0 0 0 0 0 0 0 0 0 0 0 0 0 0 0 0 0 0 0 0 0 0 0 0 0 0 0 0 0 0 0 0 0 0 0 77 68 79 32 101 120 116 114 97 32 100 97 116 97 32 108 111 99 107 0 0 0 0 0 0 0 0 0 0 0 0 0 0 0 0 0 0 0 0 0 0 0 0 0 0 0 0 0 0 0 0 0 0 0 0 0 0 0 0 0 0 0 0 0 0 0 0 0 0 0 0 0 0 0 0 0 0 0 0 0 0 0 0 0 0 0 0 0 0 0 0 0 0 0 0 0 0 0 0 0 0 0 0 0 0 0 0 0 0 0 0 0 0 0 0 0 0 0 0 0 0 0 0 0 0 0 0 0 0 0 0 0 0 0 0 0 129 0 0 0 113 24 1 0 1 0 0 0 0 0 0 0 0 0 0 0 2 0 0 0 0 0 0 0 0 0 0 0 0 0 0 0 255 255 255 255 0 0 0 0 0 0 0 0 data 0 oops 0
ciMethodData sun/misc/URLClassPath$JarLoader getClassPath ()[Ljava/net/URL; 1 859 orig 264 104 147 185 99 0 0 0 0 32 106 62 41 0 0 0 0 8 3 0 0 32 0 0 0 0 0 0 0 0 0 0 0 0 0 0 0 0 0 0 0 0 0 0 0 0 0 0 0 0 0 0 0 0 0 0 0 0 0 0 0 0 0 0 0 0 0 0 0 0 0 0 0 0 0 0 0 0 0 0 0 77 68 79 32 101 120 116 114 97 32 100 97 116 97 32 108 111 99 107 0 0 0 0 0 0 0 0 0 0 0 0 0 0 0 0 0 0 0 0 0 0 0 0 0 0 0 0 0 0 0 0 0 0 0 0 0 0 0 0 0 0 0 0 0 0 0 0 0 0 0 0 0 0 0 0 0 0 0 0 0 0 0 0 0 0 0 0 0 0 0 0 0 0 0 0 0 0 0 0 0 0 0 0 0 0 0 0 0 0 0 0 0 0 0 0 0 0 0 0 0 0 0 0 0 0 0 0 0 0 0 0 0 0 0 0 0 0 1 0 0 217 18 0 0 1 0 0 0 0 0 0 0 0 0 0 0 2 0 0 0 0 0 20 0 2 0 0 0 192 1 0 0 255 255 255 255 7 0 4 0 0 0 0 0 data 56 0x40007 0x255 0x20 0x6 0xd0007 0x255 0x20 0x0 0x130002 0x255 0x170002 0x255 0x1a0002 0x255 0x210005 0x0 0x553309d0 0x255 0x0 0x0 0x260007 0x240 0x120 0x15 0x2d0005 0x0 0x5532efc0 0x15 0x0 0x0 0x320007 0x0 0xd0 0x15 0x360005 0x0 0x29b88f00 0x15 0x0 0x0 0x3b0007 0x0 0x80 0x15 0x420005 0x0 0x5532fa60 0x15 0x0 0x0 0x470007 0x0 0x30 0x15 0x500002 0x15 oops 4 16 java/util/jar/JavaUtilJarAccessImpl 26 java/util/jar/JarFile 36 java/util/jar/Manifest 46 java/util/jar/Attributes
ciMethodData sun/misc/URLClassPath$JarLoader parseExtensionsDependencies ()V 1 833 orig 264 104 147 185 99 0 0 0 0 192 106 62 41 0 0 0 0 88 1 0 0 0 0 0 0 0 0 0 0 0 0 0 0 0 0 0 0 0 0 0 0 0 0 0 0 0 0 0 0 0 0 0 0 0 0 0 0 0 0 0 0 0 0 0 0 0 0 0 0 0 0 0 0 0 0 0 0 0 0 0 0 77 68 79 32 101 120 116 114 97 32 100 97 116 97 32 108 111 99 107 0 0 0 0 0 0 0 0 0 0 0 0 0 0 0 0 0 0 0 0 0 0 0 0 0 0 0 0 0 0 0 0 0 0 0 0 0 0 0 0 0 0 0 0 0 0 0 0 0 0 0 0 0 0 0 0 0 0 0 0 0 0 0 0 0 0 0 0 0 0 0 0 0 0 0 0 0 0 0 0 0 0 0 0 0 0 0 0 0 0 0 0 0 0 0 0 0 0 0 0 0 0 0 0 0 0 0 0 0 0 0 0 0 0 0 0 0 236 0 0 0 169 18 0 0 1 0 0 0 0 0 0 0 0 0 0 0 2 0 0 0 0 0 0 0 0 0 0 0 16 0 0 0 255 255 255 255 2 0 4 0 0 0 0 0 data 2 0x40002 0x255 oops 0
ciMethodData sun/misc/ExtensionDependency checkExtensionsDependencies (Ljava/util/jar/JarFile;)Z 1 833 orig 264 104 147 185 99 0 0 0 0 40 40 65 41 0 0 0 0 232 1 0 0 0 0 0 0 0 0 0 0 0 0 0 0 0 0 0 0 0 0 0 0 0 0 0 0 0 0 0 0 0 0 0 0 0 0 0 0 0 0 0 0 0 0 0 0 0 0 0 0 0 0 0 0 0 0 0 0 0 0 0 0 77 68 79 32 101 120 116 114 97 32 100 97 116 97 32 108 111 99 107 0 0 0 0 0 0 0 0 0 0 0 0 0 0 0 0 0 0 0 0 0 0 0 0 0 0 0 0 0 0 0 0 0 0 0 0 0 0 0 0 0 0 0 0 0 0 0 0 0 0 0 0 0 0 0 0 0 0 0 0 0 0 0 0 0 0 0 0 0 0 0 0 0 0 0 0 0 0 0 0 0 0 0 0 0 0 0 0 0 0 0 0 0 0 0 0 0 0 0 0 0 0 0 0 0 0 0 0 0 0 0 0 0 0 0 0 0 236 0 0 0 169 18 0 0 1 0 0 0 0 0 0 0 0 0 0 0 2 0 0 0 0 0 7 0 2 0 0 0 160 0 0 0 255 255 255 255 7 0 3 0 0 0 0 0 data 20 0x30007 0x0 0x20 0x255 0xc0002 0x0 0x120005 0x0 0x0 0x0 0x0 0x0 0x180005 0x0 0x0 0x0 0x0 0x0 0x1b0002 0x0 oops 0
ciMethodData sun/misc/ExtensionDependency <init> ()V 1 0 orig 264 104 147 185 99 0 0 0 0 40 38 65 41 0 0 0 0 48 1 0 0 0 0 0 0 0 0 0 0 0 0 0 0 0 0 0 0 0 0 0 0 0 0 0 0 0 0 0 0 0 0 0 0 0 0 0 0 0 0 0 0 0 0 0 0 0 0 0 0 0 0 0 0 0 0 0 0 0 0 0 0 77 68 79 32 101 120 116 114 97 32 100 97 116 97 32 108 111 99 107 0 0 0 0 0 0 0 0 0 0 0 0 0 0 0 0 0 0 0 0 0 0 0 0 0 0 0 0 0 0 0 0 0 0 0 0 0 0 0 0 0 0 0 0 0 0 0 0 0 0 0 0 0 0 0 0 0 0 0 0 0 0 0 0 0 0 0 0 0 0 0 0 0 0 0 0 0 0 0 0 0 0 0 0 0 0 0 0 0 0 0 0 0 0 0 0 0 0 0 0 0 0 0 0 0 0 0 0 0 0 0 0 0 0 0 0 0 0 0 0 0 1 0 0 0 1 0 0 0 0 0 0 0 0 0 0 0 2 0 0 0 0 0 0 0 0 0 0 0 16 0 0 0 255 255 255 255 2 0 1 0 0 0 0 0 data 2 0x10002 0x0 oops 0
ciMethodData sun/misc/URLClassPath disableAllLookupCaches ()V 1 3 orig 264 104 147 185 99 0 0 0 0 208 165 58 41 0 0 0 0 24 1 0 0 0 0 0 0 0 0 0 0 0 0 0 0 0 0 0 0 0 0 0 0 0 0 0 0 0 0 0 0 0 0 0 0 0 0 0 0 0 0 0 0 0 0 0 0 0 0 0 0 0 0 0 0 0 0 0 0 0 0 0 0 77 68 79 32 101 120 116 114 97 32 100 97 116 97 32 108 111 99 107 0 0 0 0 0 0 0 0 0 0 0 0 0 0 0 0 0 0 0 0 0 0 0 0 0 0 0 0 0 0 0 0 0 0 0 0 0 0 0 0 0 0 0 0 0 0 0 0 0 0 0 0 0 0 0 0 0 0 0 0 0 0 0 0 0 0 0 0 0 0 0 0 0 0 0 0 0 0 0 0 0 0 0 0 0 0 0 0 0 0 0 0 0 0 0 0 0 0 0 0 0 0 0 0 0 0 0 0 0 0 0 0 0 0 0 0 0 3 0 0 0 1 0 0 0 1 0 0 0 0 0 0 0 0 0 0 0 2 0 0 0 0 0 0 0 0 0 0 0 0 0 0 0 255 255 255 255 0 0 0 0 0 0 0 0 data 0 oops 0
instanceKlass com/mathworks/webproxy/AbstractCompositeProxyConfiguration$FindProxyForURLProxyConfigurationVisitor
instanceKlass com/mathworks/webproxy/AbstractSystemProxyConfiguration
instanceKlass com/mathworks/webproxy/SystemProxyConfiguration
instanceKlass com/mathworks/webproxy/PropertiesProxyConfigurationImpl
instanceKlass com/mathworks/webproxy/SystemPropertiesProxyConfiguration
instanceKlass com/mathworks/webproxy/ProxyConfigurationVisitor
instanceKlass com/mathworks/webproxy/AbstractCompositeProxyConfiguration
instanceKlass java/net/Proxy
instanceKlass com/mathworks/webproxy/NativeProxySettings
instanceKlass com/mathworks/webproxy/PropertiesProxyConfiguration
instanceKlass com/mathworks/webproxy/SystemProxySettings
instanceKlass com/mathworks/webproxy/ProxyConfiguration
instanceKlass com/mathworks/webproxy/ProxyAuthenticator
instanceKlass com/mathworks/webproxy/WebproxyFactory
instanceKlass com/mathworks/widgets/grouptable/AffordanceManager$7
instanceKlass com/mathworks/mwswing/AppearanceFocusEvent
instanceKlass javax/swing/text/JTextComponent$InputMethodRequestsHandler
instanceKlass java/text/AttributedString$AttributedStringIterator
instanceKlass java/text/AttributedCharacterIterator
instanceKlass java/text/AttributedString
instanceKlass sun/awt/im/CompositionAreaHandler
instanceKlass java/awt/KeyboardFocusManager$3
instanceKlass java/awt/KeyboardFocusManager$4
instanceKlass com/mathworks/widgets/find/FindClientRegistry$6
instanceKlass com/mathworks/widgets/find/LookinItem
instanceKlass com/mathworks/widgets/find/FindClientRegistry$RegisteredComponent
instanceKlass com/mathworks/widgets/find/FindClientRegistry$3
instanceKlass com/mathworks/widgets/find/FindClientRegistry
instanceKlass com/mathworks/mlwidgets/explorer/util/FileSystemFilter
instanceKlass com/mathworks/mlwidgets/explorer/util/FileSystemUtils
instanceKlass com/mathworks/sourcecontrol/StatusToolTipAffordance$StatusToolTipGenerator
instanceKlass com/mathworks/widgets/grouptable/DisplayEffects
instanceKlass com/mathworks/toolstrip/factory/TSRegistry$UpdateEvent
instanceKlass com/mathworks/widgets/desk/DTMultipleClientFrame$LocalWindowListener$1
instanceKlass java/awt/KeyboardFocusManager$LightweightFocusRequest
instanceKlass java/awt/DefaultKeyboardFocusManager$TypeAheadMarker
instanceKlass java/awt/KeyboardFocusManager$HeavyweightFocusRequest
instanceKlass com/mathworks/widgets/desk/DTMultipleClientFrame$LocalWindowListener$2
instanceKlass com/mathworks/mlwidgets/explorer/widgets/address/AddressBar$11
instanceKlass java/awt/geom/RoundRectIterator
instanceKlass java/awt/geom/Path2D$Iterator
instanceKlass sun/dc/pr/Rasterizer$ConsumerDisposer
instanceKlass sun/dc/pr/PathDasher$1
instanceKlass sun/dc/pr/PathDasher
instanceKlass sun/dc/pr/PathStroker$1
instanceKlass sun/dc/pr/PathStroker
instanceKlass sun/dc/pr/PathFiller$1
instanceKlass sun/dc/pr/PathFiller
instanceKlass sun/dc/path/PathConsumer
instanceKlass sun/dc/pr/Rasterizer
instanceKlass sun/java2d/pipe/AATileGenerator
instanceKlass org/openide/ErrorManager
instanceKlass org/netbeans/editor/Finder
instanceKlass org/netbeans/editor/Utilities
instanceKlass sun/java2d/pipe/ShapeSpanIterator
instanceKlass sun/awt/geom/PathConsumer2D
instanceKlass sun/java2d/pipe/SpanIterator
instanceKlass com/mathworks/cmlink/management/cache/CmStatusCacheDecorator
instanceKlass com/mathworks/cmlink/management/cache/NullCmStatusCache
instanceKlass com/mathworks/cmlink/management/queue/CMQueue
instanceKlass com/mathworks/cmlink/util/interactor/NullTerminator
instanceKlass com/mathworks/cmlink/util/system/CommandInstalledChecker
instanceKlass com/mathworks/cmlink/util/system/PersistentAvailabilityCheck
instanceKlass com/mathworks/cmlink/util/system/AvailabilityCheck
instanceKlass com/mathworks/cmlink/implementations/svnintegration/SVNExecutor
instanceKlass com/mathworks/cmlink/implementations/svncore/SVNCoreAdapterFactoryDecorator
instanceKlass com/mathworks/mwswing/GraphicsUtils
instanceKlass com/mathworks/toolbox/shared/computils/threads/WrappingExecutorService$WrappedCallable
instanceKlass com/mathworks/cmlink/util/CMExecutorService$2
instanceKlass com/mathworks/cmlink/util/CMExecutorService$1
instanceKlass com/mathworks/cmlink/util/CMExecutorService
instanceKlass com/mathworks/cmlink/management/queue/CMAdapterFactoryQueued$1
instanceKlass com/mathworks/cmlink/implementations/svnkitintegration/resources/SVNKitResources
instanceKlass com/mathworks/cmlink/implementations/localcm/resources/SQLiteCMResources
instanceKlass com/mathworks/cmlink/implementations/localcm/api/utils/IAbortPoll
instanceKlass com/mathworks/cmlink/implementations/localcm/api/utils/IProgressReporter
instanceKlass com/mathworks/cmlink/implementations/localcm/LocalCMBase
instanceKlass com/mathworks/cmlink/util/adapter/AdapterFactoryComparator
instanceKlass com/mathworks/cmlink/util/CMAdapterFactoryDecorator
instanceKlass com/mathworks/cmlink/management/registration/CMAdapterFactoryListCollection
instanceKlass com/mathworks/cmlink/management/registration/FactoryHidingFactoryList
instanceKlass com/mathworks/cmlink/management/registration/QueuedCMAdapterFactoryList
instanceKlass com/mathworks/cmlink/implementations/msscci/MSSCCILogger
instanceKlass com/mathworks/cmlink/implementations/msscci/NativeMSSCCIRegistryReader$SccProviderInstallRegEntry
instanceKlass com/mathworks/cmlink/implementations/msscci/NativeMSSCCIRegistryReader
instanceKlass com/mathworks/cmlink/implementations/msscci/MSSCCIRegistryReader
instanceKlass com/mathworks/cmlink/management/registration/MSSCCICMAdapterFactoryList
instanceKlass com/mathworks/cmlink/api/version/r14a/CMAdapterFactory
instanceKlass com/mathworks/cmlink/api/version/r16b/CMAdapterFactory
instanceKlass com/mathworks/toolbox/cmlinkutils/reflection/DepthAwareCaller
instanceKlass com/mathworks/toolbox/cmlinkutils/reflection/Caller
instanceKlass com/mathworks/cmlink/util/adapter/wrappers/CMAdapterCaller
instanceKlass com/mathworks/cmlink/implementations/svnintegration/SVNAdapterFactory
instanceKlass com/mathworks/cmlink/api/StatusListener
instanceKlass com/mathworks/cmlink/util/adapter/wrappers/DefaultMethodInvocation
instanceKlass com/mathworks/cmlink/util/adapter/wrappers/CMAdapterFactoryWrapper
instanceKlass org/tmatesoft/svn/core/wc/DefaultSVNRepositoryPool$TimeoutTask
instanceKlass org/tmatesoft/svn/core/wc/DefaultSVNRepositoryPool$DaemonThreadFactory
instanceKlass org/tmatesoft/svn/core/wc/DefaultSVNRepositoryPool
instanceKlass org/tmatesoft/svn/core/io/ISVNConnectionListener
instanceKlass org/tmatesoft/svn/core/io/ISVNSession
instanceKlass org/tmatesoft/svn/core/wc/admin/SVNAdminBasicClient
instanceKlass org/tmatesoft/svn/core/wc/ISVNEventHandler
instanceKlass org/tmatesoft/svn/core/wc/SVNBasicClient
instanceKlass org/tmatesoft/svn/core/wc/SVNClientManager
instanceKlass org/tmatesoft/svn/core/wc/ISVNRepositoryPool
instanceKlass org/tmatesoft/svn/core/internal/wc/DefaultSVNPersistentAuthenticationProvider$SimplePasswordStorage
instanceKlass org/tmatesoft/svn/core/internal/util/jna/SVNGnomeKeyring$3
instanceKlass org/tmatesoft/svn/core/internal/util/jna/SVNGnomeKeyring$2
instanceKlass org/tmatesoft/svn/core/internal/util/jna/SVNGnomeKeyring$1
instanceKlass org/tmatesoft/svn/core/internal/util/jna/ISVNGnomeKeyringLibrary$GnomeKeyringOperationGetStringCallback
instanceKlass org/tmatesoft/svn/core/internal/util/jna/ISVNGnomeKeyringLibrary$GnomeKeyringOperationGetKeyringInfoCallback
instanceKlass org/tmatesoft/svn/core/internal/util/jna/ISVNGnomeKeyringLibrary$GnomeKeyringOperationDoneCallback
instanceKlass org/tmatesoft/svn/core/internal/util/jna/SVNGnomeKeyring
instanceKlass org/tmatesoft/svn/core/internal/util/jna/SVNMacOsKeychain
instanceKlass org/tmatesoft/svn/core/internal/wc/DefaultSVNPersistentAuthenticationProvider$WinCryptPasswordStorage
instanceKlass org/tmatesoft/svn/core/internal/wc/DefaultSVNPersistentAuthenticationProvider$IPasswordStorage
instanceKlass org/tmatesoft/svn/core/internal/util/jna/SVNWinCrypt
instanceKlass org/tmatesoft/svn/core/internal/wc/ISVNHostOptions
instanceKlass org/tmatesoft/svn/core/internal/wc/DefaultSVNHostOptionsProvider
instanceKlass org/tmatesoft/svn/core/internal/wc/DefaultSVNPersistentAuthenticationProvider
instanceKlass org/tmatesoft/svn/core/internal/wc/ISVNPersistentAuthenticationProvider
instanceKlass org/tmatesoft/svn/core/internal/wc/DefaultSVNAuthenticationManager$1
instanceKlass org/tmatesoft/svn/core/internal/wc/DefaultSVNAuthenticationManager$CacheAuthenticationProvider
instanceKlass org/tmatesoft/svn/core/internal/wc/DefaultSVNAuthenticationManager$DumbAuthenticationProvider
instanceKlass org/tmatesoft/svn/core/internal/wc/ISVNAuthenticationStorage
instanceKlass org/tmatesoft/svn/core/internal/wc/ISVNHostOptionsProvider
instanceKlass javax/net/ssl/TrustManager
instanceKlass org/tmatesoft/svn/core/auth/ISVNProxyManager
instanceKlass org/tmatesoft/svn/core/auth/SVNAuthentication
instanceKlass org/tmatesoft/svn/core/internal/wc/ISVNAuthenticationStorageOptions
instanceKlass org/tmatesoft/svn/core/auth/ISVNAuthenticationProvider
instanceKlass org/tmatesoft/svn/core/internal/wc/DefaultSVNAuthenticationManager
instanceKlass org/tmatesoft/svn/core/auth/ISVNSSHHostVerifier
instanceKlass org/tmatesoft/svn/core/internal/wc/ISVNSSLPasspharsePromptSupport
instanceKlass org/tmatesoft/svn/core/internal/wc/SVNCompositeConfigFile
instanceKlass org/tmatesoft/svn/core/internal/wc/SVNConfigFile
instanceKlass java/text/DateFormatSymbols
instanceKlass org/tmatesoft/svn/core/wc/ISVNMerger
instanceKlass org/tmatesoft/svn/core/internal/wc/DefaultSVNOptions
instanceKlass org/tmatesoft/svn/core/wc/ISVNMergerFactory
instanceKlass com/sun/jna/Structure$ByReference
instanceKlass com/sun/jna/Function$PostCallRead
instanceKlass java/lang/reflect/AnnotatedType
instanceKlass com/sun/jna/Library$Handler$FunctionInfo
instanceKlass com/sun/jna/WeakIdentityHashMap
instanceKlass com/sun/jna/Structure$StructField
instanceKlass com/sun/jna/Structure$LayoutInfo
instanceKlass com/sun/jna/NativeMappedConverter
instanceKlass com/sun/jna/TypeConverter
instanceKlass java/lang/reflect/Proxy$1
instanceKlass com/sun/jna/FunctionMapper
instanceKlass com/sun/jna/NativeLibrary
instanceKlass com/sun/jna/Library$Handler
instanceKlass com/sun/jna/Native$7
instanceKlass com/sun/jna/Native$2
instanceKlass com/sun/jna/Structure$FFIType$FFITypes
instanceKlass com/sun/jna/Native$ffi_callback
instanceKlass com/sun/jna/PointerType
instanceKlass com/sun/jna/NativeMapped
instanceKlass com/sun/jna/WString
instanceKlass com/sun/jna/CallbackProxy
instanceKlass com/sun/jna/Callback
instanceKlass com/sun/jna/Structure$ByValue
instanceKlass com/sun/jna/ToNativeContext
instanceKlass com/sun/jna/FromNativeContext
instanceKlass com/sun/jna/FromNativeConverter
instanceKlass com/sun/jna/ToNativeConverter
instanceKlass com/sun/jna/Structure
instanceKlass com/sun/jna/Pointer
instanceKlass java/io/DeleteOnExitHook$1
instanceKlass java/io/DeleteOnExitHook
instanceKlass java/io/File$TempDirectory
instanceKlass com/sun/jna/Platform
instanceKlass com/sun/jna/Native$5
instanceKlass com/sun/jna/Native$1
instanceKlass com/sun/jna/Callback$UncaughtExceptionHandler
instanceKlass com/sun/jna/Native
instanceKlass com/sun/jna/Version
instanceKlass org/tmatesoft/svn/core/internal/util/jna/ISVNMacOsCFLibrary
instanceKlass org/tmatesoft/svn/core/internal/util/jna/ISVNMacOsSecurityLibrary
instanceKlass org/tmatesoft/svn/core/internal/util/jna/ISVNGLibrary
instanceKlass org/tmatesoft/svn/core/internal/util/jna/ISVNGnomeKeyringLibrary
instanceKlass org/tmatesoft/svn/core/internal/util/jna/ISVNCLibrary
instanceKlass org/tmatesoft/svn/core/internal/util/jna/ISVNWin32Library
instanceKlass org/tmatesoft/svn/core/internal/util/jna/ISVNSecurityLibrary
instanceKlass org/tmatesoft/svn/core/internal/util/jna/ISVNKernel32Library
instanceKlass org/tmatesoft/svn/core/internal/util/jna/ISVNWinCryptLibrary
instanceKlass com/sun/jna/win32/StdCallLibrary
instanceKlass com/sun/jna/win32/StdCall
instanceKlass com/sun/jna/AltCallingConvention
instanceKlass org/tmatesoft/svn/core/internal/util/jna/JNALibraryLoader
instanceKlass org/tmatesoft/svn/core/internal/util/jna/SVNWin32Util
instanceKlass org/tmatesoft/svn/util/SVNLogType
instanceKlass com/sun/jna/Library
instanceKlass org/tmatesoft/svn/core/internal/util/jna/SVNJNAUtil
instanceKlass org/tmatesoft/svn/core/auth/ISVNAuthenticationManager
instanceKlass org/tmatesoft/svn/core/wc/SVNWCUtil
instanceKlass org/tmatesoft/svn/core/wc/ISVNOptions
instanceKlass org/tmatesoft/svn/core/io/ISVNTunnelProvider
instanceKlass com/mathworks/cmlink/implementations/svnkitintegration/ClientManagerContainer$AuthenticatingClientManager
instanceKlass com/mathworks/cmlink/implementations/svnkitintegration/ClientManagerContainer
instanceKlass com/mathworks/cmlink/implementations/svnkitintegration/SVNKitCanceller
instanceKlass org/tmatesoft/svn/core/internal/io/dav/http/IHTTPConnection
instanceKlass org/tmatesoft/svn/core/internal/io/dav/http/IHTTPConnectionFactory$1
instanceKlass org/tmatesoft/svn/core/internal/io/dav/http/IHTTPConnectionFactory
instanceKlass org/tmatesoft/svn/core/internal/io/svn/ISVNConnector
instanceKlass org/tmatesoft/svn/core/internal/io/svn/ISVNConnectorFactory$1
instanceKlass org/tmatesoft/svn/core/internal/io/svn/ISVNConnectorFactory
instanceKlass org/tmatesoft/svn/core/internal/util/SVNHashMap$TableEntry
instanceKlass org/tmatesoft/svn/core/internal/util/SVNHashMap
instanceKlass org/tmatesoft/svn/core/io/ISVNReporter
instanceKlass org/tmatesoft/svn/core/io/SVNRepository
instanceKlass org/tmatesoft/svn/core/io/SVNRepositoryFactory
instanceKlass com/mathworks/cmlink/implementations/svnkitintegration/NoUpgradeSVNAdminFactorySelector
instanceKlass sun/swing/ImageCache$Entry
instanceKlass com/sun/java/swing/plaf/windows/AnimationController
instanceKlass com/sun/java/swing/plaf/windows/WindowsButtonUI$1
instanceKlass org/tmatesoft/svn/core/internal/wc/admin/SVNAdminArea
instanceKlass java/awt/PrintGraphics
instanceKlass java/awt/print/PrinterGraphics
instanceKlass java/time/Instant
instanceKlass java/time/temporal/TemporalAdjuster
instanceKlass java/time/temporal/Temporal
instanceKlass java/time/temporal/TemporalAccessor
instanceKlass java/nio/file/FileVisitor
instanceKlass java/nio/file/FileStore
instanceKlass java/nio/file/attribute/FileAttributeView
instanceKlass java/nio/file/attribute/AttributeView
instanceKlass java/nio/file/attribute/UserPrincipal
instanceKlass java/util/function/BiPredicate
instanceKlass java/nio/file/attribute/FileTime
instanceKlass java/nio/file/CopyOption
instanceKlass java/nio/file/OpenOption
instanceKlass org/tmatesoft/svn/core/internal/wc/SVNFileUtil
instanceKlass org/tmatesoft/svn/core/internal/wc/SVNClassLoader
instanceKlass org/tmatesoft/svn/core/internal/wc/admin/SVNAdminAreaFactory$DefaultSelector
instanceKlass org/tmatesoft/svn/core/internal/wc/admin/SVNAdminAreaFactory
instanceKlass org/tmatesoft/svn/util/SVNDebugLog
instanceKlass org/tmatesoft/svn/util/SVNDebugLogAdapter
instanceKlass com/mathworks/toolbox/cmlinkutils/preferences/BooleanMapUtil
instanceKlass org/tmatesoft/svn/util/ISVNDebugLog
instanceKlass com/mathworks/cmlink/implementations/svnkitintegration/logging/SVNKitLogFactory
instanceKlass org/tmatesoft/svn/core/internal/wc/admin/ISVNAdminAreaFactorySelector
instanceKlass com/mathworks/cmlink/api/CMAdapter
instanceKlass com/mathworks/cmlink/api/CMRepository
instanceKlass com/mathworks/cmlink/api/CMInteractor
instanceKlass com/mathworks/cmlink/implementations/svnkitintegration/SVNKitAdapterFactory
instanceKlass com/mathworks/cmlink/api/CMAdapterFactory
instanceKlass com/mathworks/cmlink/implementations/svnkitintegration/Cancellable
instanceKlass org/tmatesoft/svn/core/ISVNCanceller
instanceKlass com/mathworks/cmlink/implementations/svnkitintegration/BuiltInSVNAdapterFactory
instanceKlass com/mathworks/cmlink/implementations/localcm/LocalCMAdapterFactory
instanceKlass java/awt/geom/RectIterator
instanceKlass java/awt/geom/PathIterator
instanceKlass org/eclipse/jgit/transport/Transport
instanceKlass org/eclipse/jgit/transport/PackTransport
instanceKlass org/eclipse/jgit/transport/WalkTransport
instanceKlass org/eclipse/jgit/lib/ObjectDatabase
instanceKlass org/eclipse/jgit/lib/Repository
instanceKlass org/eclipse/jgit/transport/PacketLineIn
instanceKlass org/eclipse/jgit/transport/PacketLineOut
instanceKlass org/eclipse/jgit/util/FS
instanceKlass com/mathworks/cmlink/util/internalapi/InternalCMRepository
instanceKlass com/mathworks/cmlink/util/internalapi/WithID
instanceKlass com/mathworks/cmlink/util/internalapi/Prioritized
instanceKlass org/eclipse/jgit/transport/CredentialsProvider
instanceKlass java/security/Timestamp
instanceKlass sun/security/timestamp/TimestampToken
instanceKlass sun/security/pkcs/PKCS9Attributes
instanceKlass com/mathworks/cmlink/implementations/git/GitAdapterFactory
instanceKlass com/mathworks/cmlink/util/adapter/wrappers/r11b/R11bToInternalCMAdapterFactoryConverter
instanceKlass com/mathworks/cmlink/util/adapter/wrappers/r14a/R14aToInternalCMAdapterFactoryConverter
instanceKlass com/mathworks/cmlink/util/adapter/wrappers/r16b/R16bToInternalCMAdapterFactoryConverter
instanceKlass com/mathworks/cmlink/util/adapter/wrappers/InternalCMAdapterFactoryConverter
instanceKlass com/mathworks/cmlink/management/registration/OsgiCMAdapterFactoryList
instanceKlass com/mathworks/cmlink/management/registration/CMAdapterFactoryList
instanceKlass com/mathworks/cmlink/management/registration/SingletonCMAdapterFactoryList
instanceKlass com/mathworks/cmlink/management/pool/shared/aggregators/AggregatingTerminator$1
instanceKlass com/mathworks/cmlink/management/pool/shared/CMMonitorDispatcher
instanceKlass com/mathworks/cmlink/management/pool/shared/aggregators/AggregatingExceptionHandler
instanceKlass com/mathworks/cmlink/management/pool/shared/aggregators/AggregatingStatusBroadcaster
instanceKlass com/mathworks/util/collections/CopyOnWriteList
instanceKlass sun/java2d/opengl/OGLGraphicsConfig
instanceKlass sun/java2d/pipe/hw/AccelGraphicsConfig
instanceKlass sun/java2d/pipe/hw/BufferedContextProvider
instanceKlass sun/awt/SunGraphicsCallback
instanceKlass javax/swing/RepaintManager$4
instanceKlass javax/swing/RepaintManager$2$1
instanceKlass javax/swing/RepaintManager$3
instanceKlass com/mathworks/cmlink/management/pool/shared/aggregators/AggregatingProgressIndicator
instanceKlass com/mathworks/mwswing/MJScrollPane$1
instanceKlass com/mathworks/cmlink/management/pool/shared/SharedInteractor
instanceKlass com/mathworks/cmlink/api/TerminationListener
instanceKlass com/mathworks/cmlink/management/pool/shared/CMProcessTerminator
instanceKlass com/mathworks/cmlink/management/pool/AutoRefreshedRecord
instanceKlass com/mathworks/cmlink/management/pool/shared/CMStatusCacheExecutor$1
instanceKlass java/util/concurrent/SynchronousQueue$TransferStack$SNode
instanceKlass java/util/concurrent/SynchronousQueue$Transferer
instanceKlass com/mathworks/toolbox/shared/computils/threads/CountingThreadFactory
instanceKlass com/mathworks/toolbox/shared/computils/threads/WrappingExecutorService
instanceKlass com/mathworks/cmlink/management/pool/shared/CMStatusCacheExecutor
instanceKlass com/mathworks/toolbox/cmlinkutils/preferences/PreferenceManager
instanceKlass com/mathworks/cmlink/management/cache/CmStatusCache
instanceKlass com/mathworks/cmlink/management/cache/CmStatusCacheQueries
instanceKlass com/mathworks/cmlink/management/cache/RootSearchingCmStatusCacheFactory
instanceKlass com/mathworks/cmlink/management/pool/adapter/PrefBackedAdapterFactoryProvider
instanceKlass com/mathworks/cmlink/util/adapter/transformer/MutableTransformableCMAdapterFactoryProvider$NullAdapterTransformer
instanceKlass com/mathworks/cmlink/util/adapter/transformer/AdapterTransformer
instanceKlass com/mathworks/cmlink/util/adapter/CMAdapterFactoryProviderDecorator
instanceKlass com/mathworks/cmlink/management/pool/PooledCmStatusCacheEntry
instanceKlass com/mathworks/cmlink/management/pool/PooledCmStatusCacheProvider
instanceKlass com/mathworks/cmlink/util/adapter/CMAdapterFactoryProvider
instanceKlass com/mathworks/cmlink/management/pool/CmStatusCacheProvider
instanceKlass com/mathworks/cmlink/management/pool/shared/SingletonPooledCmStatusCacheProvider
instanceKlass sun/text/normalizer/ReplaceableString
instanceKlass sun/text/normalizer/Replaceable
instanceKlass sun/text/normalizer/UCharacterIterator
instanceKlass sun/text/CollatorUtilities
instanceKlass java/text/CollationElementIterator
instanceKlass sun/text/normalizer/UTF16
instanceKlass sun/text/ComposedCharIter
instanceKlass java/text/EntryPair
instanceKlass java/text/PatternEntry
instanceKlass java/text/PatternEntry$Parser
instanceKlass java/text/MergeCollation
instanceKlass sun/text/normalizer/NormalizerImpl$DecomposeArgs
instanceKlass sun/text/normalizer/UnicodeSet
instanceKlass sun/text/normalizer/UnicodeMatcher
instanceKlass sun/text/normalizer/CharTrie$FriendAgent
instanceKlass sun/text/normalizer/Trie
instanceKlass sun/text/normalizer/NormalizerImpl$AuxTrieImpl
instanceKlass sun/text/normalizer/NormalizerImpl$NormTrieImpl
instanceKlass sun/text/normalizer/NormalizerImpl$FCDTrieImpl
instanceKlass sun/text/normalizer/Trie$DataManipulate
instanceKlass sun/text/normalizer/ICUBinary
instanceKlass sun/text/normalizer/NormalizerDataReader
instanceKlass sun/text/normalizer/ICUBinary$Authenticate
instanceKlass sun/text/normalizer/ICUData
instanceKlass sun/text/normalizer/NormalizerImpl
instanceKlass sun/text/UCompactIntArray
instanceKlass sun/text/IntHashtable
instanceKlass java/text/RBCollationTables$BuildAPI
instanceKlass java/text/RBTableBuilder
instanceKlass java/text/RBCollationTables
instanceKlass java/text/Collator
instanceKlass com/mathworks/fileutils/UIFileUtils$NameTokenizer
instanceKlass com/mathworks/fileutils/UIFileUtils
instanceKlass com/mathworks/widgets/grouptable/GroupingTableRow$1
instanceKlass com/mathworks/widgets/grouptable/GroupingTableTransaction$2
instanceKlass com/mathworks/mlwidgets/explorer/model/table/PathAffordance$4
instanceKlass com/mathworks/mlwidgets/explorer/model/table/PathAffordance$5
instanceKlass com/mathworks/mlwidgets/explorer/model/table/PathAffordance$3
instanceKlass com/mathworks/mlwidgets/explorer/model/table/PathAffordance$GrayedOutStyle
instanceKlass com/mathworks/mde/explorer/Explorer$PathAffordanceAdapter$1$1
instanceKlass com/mathworks/widgets/grouptable/ColorStyle
instanceKlass com/mathworks/mlwidgets/explorer/model/table/PathAffordance
instanceKlass javax/swing/JTable$AccessibleJTable$AccessibleJTableModelChange
instanceKlass javax/accessibility/AccessibleTableModelChange
instanceKlass com/mathworks/widgets/grouptable/RowComparator
instanceKlass com/mathworks/widgets/grouptable/OldAscendingSortComparator
instanceKlass com/mathworks/widgets/grouptable/AscendingSortComparator
instanceKlass com/mathworks/mlwidgets/explorer/model/editorfs/EditorFileSystem$1$1
instanceKlass com/mathworks/jmi/AWTUtilities$WatchedRunnable
instanceKlass com/mathworks/jmi/AWTUtilities$WatchDog
instanceKlass com/mathworks/jmi/AWTUtilities$Latch
instanceKlass com/mathworks/jmi/AWTUtilities$Synchronizer
instanceKlass com/mathworks/jmi/AWTUtilities
instanceKlass com/mathworks/mde/editor/MatlabEditorApplication$3
instanceKlass java/awt/EventQueue$4
instanceKlass com/mathworks/mlwidgets/shortcuts/ShortcutsToolstripTabFactory$1
instanceKlass com/mathworks/mlwidgets/shortcuts/ShortcutsToolstripTabFactory
instanceKlass com/mathworks/mlwidgets/favoritecommands/FavoriteCommands$FavoriteActionsProvider
instanceKlass com/mathworks/mlwidgets/favoritecommands/FavoriteCommands$CategoryActionsProvider
instanceKlass com/mathworks/toolstrip/components/gallery/view/GalleryPopupListenerShower
instanceKlass com/mathworks/mlwidgets/favoritecommands/FavoriteCommands$FavoriteMenuContributor
instanceKlass com/mathworks/widgets/text/STPViewModificationInterface
instanceKlass com/mathworks/matlab/api/debug/ViewProviderKey
instanceKlass com/mathworks/mlwidgets/favoritecommands/FavoriteCommandToolSet$FavoriteToolTipContentProvider
instanceKlass com/mathworks/toolstrip/factory/TSRegistry$1
instanceKlass com/mathworks/mde/desk/MLDesktop$7
instanceKlass com/mathworks/mde/desk/MLDesktop$9
instanceKlass com/mathworks/mde/desk/MLDesktop$6
instanceKlass sun/util/locale/InternalLocaleBuilder$CaseInsensitiveChar
instanceKlass sun/util/locale/InternalLocaleBuilder
instanceKlass sun/util/locale/StringTokenIterator
instanceKlass sun/util/locale/ParseStatus
instanceKlass sun/awt/im/InputMethodAdapter
instanceKlass java/awt/im/spi/InputMethod
instanceKlass java/awt/im/spi/InputMethodContext
instanceKlass java/awt/im/InputMethodRequests
instanceKlass java/awt/im/InputContext
instanceKlass com/mathworks/toolstrip/factory/ContextTargetingManager$RestoreData
instanceKlass javax/swing/SwingHeavyWeight
instanceKlass java/awt/SequencedEvent$1
instanceKlass sun/awt/AWTAccessor$SequencedEventAccessor
instanceKlass java/awt/SplashScreen
instanceKlass com/mathworks/widgets/messagepanel/MessageModelListener
instanceKlass com/mathworks/mde/cmdhist/CommandStyleInfo
instanceKlass java/awt/GradientPaint
instanceKlass com/mathworks/widgets/messagepanel/MessagePanelListener
instanceKlass com/mathworks/widgets/messagepanel/MessagePanelPainter
instanceKlass com/mathworks/widgets/messagepanel/AbstractMessageModel
instanceKlass com/mathworks/widgets/messagepanel/MessageModel
instanceKlass sun/awt/GlobalCursorManager$NativeUpdater
instanceKlass sun/awt/GlobalCursorManager
instanceKlass com/mathworks/toolstrip/impl/ToolstripSectionComponentWithHeader$1
instanceKlass com/mathworks/toolstrip/plaf/SplitButtonUI$Layout
instanceKlass com/mathworks/toolstrip/plaf/ToolstripTabLayout$1
instanceKlass com/google/common/collect/Iterators$2
instanceKlass com/google/common/collect/PeekingIterator
instanceKlass com/google/common/collect/Iterators
instanceKlass com/mathworks/toolstrip/plaf/ToolstripTabLayout$Section
instanceKlass com/mathworks/toolstrip/plaf/ToolstripHeaderUI$HeaderLayout$Sizes
instanceKlass javax/swing/SizeRequirements
instanceKlass com/mathworks/jmi/NativeWindows
instanceKlass com/sun/java/swing/plaf/windows/WindowsMenuItemUI$1
instanceKlass java/awt/BufferCapabilities
instanceKlass java/awt/AttributeValue
instanceKlass com/mathworks/toolstrip/plaf/ToolstripHeaderUI$2
instanceKlass com/mathworks/toolstrip/plaf/ToolstripHeaderUI$MyFocusListener
instanceKlass com/mathworks/toolstrip/plaf/ToolstripHeaderUI$MyMouseListener
instanceKlass com/mathworks/toolstrip/plaf/ToolstripHeaderUI$MyKeyListener
instanceKlass com/mathworks/desktop/mnemonics/MnemonicsManagerImpl$RootProvider
instanceKlass com/mathworks/util/event/EventUtils
instanceKlass com/mathworks/util/event/AbstractInputEventsDispatcher$1
instanceKlass com/mathworks/desktop/mnemonics/MnemonicsManagerImpl$MnemonicEventListener
instanceKlass com/google/common/collect/Sets
instanceKlass com/mathworks/desktop/mnemonics/MnemonicsManagers$DefaultFactory$1
instanceKlass java/awt/event/MouseEvent$1
instanceKlass sun/awt/AWTAccessor$MouseEventAccessor
instanceKlass com/mathworks/util/event/AbstractInputEventsDispatcher
instanceKlass com/mathworks/desktop/mnemonics/MnemonicsManagerImpl$Collector
instanceKlass com/mathworks/util/async/Callback
instanceKlass com/mathworks/desktop/mnemonics/MnemonicsManagerImpl
instanceKlass com/mathworks/desktop/mnemonics/MnemonicsManager
instanceKlass com/mathworks/desktop/mnemonics/MnemonicsManagers$KeyboardFocusProvider
instanceKlass com/mathworks/desktop/mnemonics/MnemonicsManagers$DefaultFactory
instanceKlass com/mathworks/desktop/mnemonics/MnemonicsManagers$MnemonicsManagerFactory
instanceKlass com/mathworks/desktop/mnemonics/MnemonicsManagers
instanceKlass sun/awt/NullComponentPeer
instanceKlass java/awt/peer/LightweightPeer
instanceKlass sun/awt/im/ExecutableInputMethodManager$3
instanceKlass sun/awt/im/InputMethodLocator
instanceKlass sun/awt/windows/WInputMethodDescriptor
instanceKlass java/awt/im/spi/InputMethodDescriptor
instanceKlass sun/awt/im/InputMethodManager
instanceKlass sun/awt/FontConfiguration$2
instanceKlass sun/awt/NativeLibLoader$1
instanceKlass sun/awt/NativeLibLoader
instanceKlass sun/awt/PlatformFont
instanceKlass java/awt/peer/FontPeer
instanceKlass sun/awt/windows/WColor
instanceKlass sun/java2d/StateTracker$2
instanceKlass sun/java2d/StateTracker$1
instanceKlass sun/java2d/StateTracker
instanceKlass sun/java2d/SurfaceDataProxy
instanceKlass sun/awt/image/SurfaceManager$FlushableCacheData
instanceKlass sun/java2d/windows/GDIRenderer
instanceKlass sun/java2d/ScreenUpdateManager
instanceKlass javax/swing/RepaintManager$2
instanceKlass sun/awt/windows/WComponentPeer$2
instanceKlass sun/awt/im/InputMethodWindow
instanceKlass sun/awt/ExtendedKeyCodes
instanceKlass sun/awt/RepaintArea
instanceKlass sun/awt/windows/WWindowPeer$GuiDisposedListener
instanceKlass sun/awt/windows/WWindowPeer$ActiveWindowListener
instanceKlass java/awt/peer/CanvasPeer
instanceKlass java/awt/peer/PanelPeer
instanceKlass java/awt/peer/FramePeer
instanceKlass java/awt/peer/WindowPeer
instanceKlass java/awt/peer/ContainerPeer
instanceKlass com/mathworks/ddux/UIEventLog
instanceKlass com/mathworks/mde/desk/DDUXLoggerBridge
instanceKlass com/mathworks/mwswing/UIEventLogger$Implementation
instanceKlass com/mathworks/mwswing/UIEventLogger
instanceKlass com/mathworks/mwswing/ClipboardMonitor$TypeChangedNotifier
instanceKlass com/mathworks/widgets/desk/DTEvent
instanceKlass com/mathworks/widgets/desk/DTTitleBar$2
instanceKlass com/mathworks/widgets/desk/DTTitleButton$ActionPropertyListener
instanceKlass com/mathworks/widgets/desk/DTTitleButton$IconData
instanceKlass com/mathworks/widgets/desk/DTBorderFactory$SelectionDependent
instanceKlass com/mathworks/mde/cmdwin/CommandWindowRegistrar
instanceKlass com/mathworks/mlservices/MLCommandWindow
instanceKlass com/mathworks/mlservices/MLCommandWindowRegistrar
instanceKlass org/netbeans/editor/WeakTimerListener
instanceKlass java/util/Observable
instanceKlass com/mathworks/widgets/incSearch/IncSearchStatusBar$1
instanceKlass com/mathworks/widgets/incSearch/IncSearch$IncSearchResults
instanceKlass com/mathworks/mde/cmdwin/CmdWinEditorKit$1
instanceKlass com/mathworks/mwswing/ClipboardMonitor
instanceKlass java/text/StringCharacterIterator
instanceKlass com/mathworks/mwswing/text/MTextAction$1
instanceKlass com/mathworks/jmi/tabcompletion/TabCompletionImpl$1
instanceKlass com/mathworks/jmi/tabcompletion/TabCompletionImpl
instanceKlass com/mathworks/mlwidgets/tabcompletion/TabCompletionExecutionListener
instanceKlass com/mathworks/mde/cmdwin/TabCompletionImpl
instanceKlass com/mathworks/mlwidgets/tabcompletion/TabCompletionInterface
instanceKlass com/mathworks/jmi/tabcompletion/TabCompletion
instanceKlass com/mathworks/mde/cmdhist/AltHistory$RecallListener
instanceKlass com/mathworks/mde/cmdwin/CmdWin$1
instanceKlass com/mathworks/mde/cmdwin/FunctionBrowserRowHeader$4
instanceKlass com/mathworks/mde/cmdwin/FunctionBrowserRowHeader$1
instanceKlass javax/accessibility/AccessibleBundle
instanceKlass com/mathworks/mde/cmdwin/XCmdWndView$2
instanceKlass com/mathworks/mde/cmdwin/XCmdWndView$MyAppearanceFocusListener
instanceKlass com/mathworks/mde/cmdwin/XCmdWndView$5
instanceKlass com/mathworks/mde/cmdwin/TokenMatcher$2
instanceKlass com/mathworks/mde/cmdwin/TokenMatcher$1
instanceKlass com/mathworks/mde/cmdwin/TokenMatcher$SearchData
instanceKlass com/mathworks/mwswing/text/DocumentSearch
instanceKlass com/mathworks/widgets/Tokenizer
instanceKlass com/mathworks/widgets/tokenmatch/TokenMatchPopup
instanceKlass com/mathworks/services/KeyboardPrefs
instanceKlass com/mathworks/mde/cmdwin/TokenMatcher$Options
instanceKlass com/mathworks/widgets/tokenmatch/TokenMatchPopup$TokenMatchListener
instanceKlass com/mathworks/mde/cmdwin/TokenMatcher
instanceKlass com/mathworks/mde/cmdwin/XCmdWndView$8
instanceKlass java/io/RandomAccessFile$1
instanceKlass com/mathworks/mde/cmdwin/XCmdWndView$CWPrefsListener
instanceKlass com/mathworks/mde/cmdwin/XCmdWndView$CWCaretListener
instanceKlass com/mathworks/mde/cmdwin/XCmdWndView$FindClientImpl
instanceKlass com/mathworks/mde/cmdwin/CWDragDropImpl
instanceKlass com/mathworks/mde/cmdwin/XCaret$2
instanceKlass com/mathworks/mde/cmdwin/XCmdWndView$3
instanceKlass com/mathworks/util/Assert
instanceKlass com/mathworks/mde/cmdwin/XCmdWndView$CmdWinFontListener
instanceKlass com/mathworks/widgets/incSearch/IncSearchData
instanceKlass com/mathworks/widgets/find/FindDialog
instanceKlass com/mathworks/widgets/find/FindParentListener
instanceKlass javax/print/DocFlavor
instanceKlass javax/print/attribute/AttributeSet
instanceKlass com/mathworks/mwswing/datatransfer/AutoScroller
instanceKlass com/mathworks/widgets/find/FindClientInterface
instanceKlass com/mathworks/services/PrefEvent
instanceKlass com/mathworks/mwswing/ClipboardListener
instanceKlass com/mathworks/widgets/desk/DTToolBarContainer$BarState
instanceKlass com/mathworks/widgets/desk/DTToolBarContainer$ContainerState
instanceKlass com/mathworks/widgets/desk/DTMultipleClientFrame$State
instanceKlass com/mathworks/mde/explorer/Explorer$22
instanceKlass com/mathworks/widgets/FocusTraversalPolicyBuilder$Step$1
instanceKlass com/mathworks/widgets/FocusTraversalPolicyBuilder$Condition
instanceKlass com/mathworks/widgets/FocusTraversalPolicyBuilder$Step
instanceKlass com/mathworks/widgets/FocusTraversalPolicyBuilder
instanceKlass com/mathworks/mde/explorer/Explorer$1
instanceKlass com/mathworks/mde/explorer/ToolbarUtils$3
instanceKlass com/mathworks/mde/explorer/ToolbarUtils
instanceKlass com/mathworks/widgets/desk/DTToolSet$1
instanceKlass com/mathworks/widgets/desk/DTToolSet$KeyOwnerCombo
instanceKlass com/mathworks/widgets/desk/DTToolBarFactory
instanceKlass com/mathworks/widgets/desk/DTToolSet$ItemInfo
instanceKlass com/mathworks/widgets/desk/DTToolSet
instanceKlass com/mathworks/mde/explorer/Explorer$9
instanceKlass com/mathworks/mde/explorer/Explorer$17
instanceKlass com/mathworks/mde/explorer/Explorer$15
instanceKlass com/mathworks/mde/explorer/Explorer$16
instanceKlass com/mathworks/mlwidgets/explorer/util/PrefUtils$3
instanceKlass com/mathworks/services/ColorPrefs$ColorListener
instanceKlass com/mathworks/services/ColorPrefs
instanceKlass com/mathworks/mlwidgets/explorer/util/PrefUtils$ColorListener
instanceKlass com/mathworks/mlwidgets/explorer/util/PrefUtils$2
instanceKlass com/mathworks/mlwidgets/explorer/util/PrefUtils$4
instanceKlass com/mathworks/mlwidgets/explorer/util/ExplicitColorAndFontProvider
instanceKlass com/mathworks/util/tree/TreeUtils$8
instanceKlass com/mathworks/util/tree/TreeUtils$5
instanceKlass com/mathworks/mlwidgets/explorer/util/PrefUtils$5
instanceKlass com/mathworks/util/tree/VisitStrategy
instanceKlass com/mathworks/util/tree/TreeUtils$9
instanceKlass com/mathworks/util/tree/Visitor
instanceKlass com/mathworks/util/tree/TreeUtils
instanceKlass com/mathworks/util/tree/ComponentTree
instanceKlass com/mathworks/services/OldFontPrefs
instanceKlass com/mathworks/mde/functionbrowser/FunctionBrowserFontPrefs
instanceKlass com/mathworks/mlwidgets/array/ArrayUtils$ClipboardPrefListener
instanceKlass com/mathworks/widgets/spreadsheet/SpreadsheetPrefs$DecimalSeparatorListener
instanceKlass com/mathworks/widgets/spreadsheet/SpreadsheetPrefs
instanceKlass com/mathworks/widgets/spreadsheet/format/SupplementalFormatterFactory
instanceKlass com/mathworks/widgets/spreadsheet/format/CompositeFormatter
instanceKlass com/mathworks/widgets/spreadsheet/format/BooleanFormatterFactory$BooleanFormatterImpl
instanceKlass com/mathworks/widgets/spreadsheet/format/BooleanFormatter
instanceKlass com/mathworks/widgets/spreadsheet/format/BooleanFormatterFactory
instanceKlass com/mathworks/widgets/spreadsheet/data/ComplexScalar
instanceKlass com/mathworks/widgets/spreadsheet/format/ComplexScalarFormatterFactory$GEBestFormatter
instanceKlass com/mathworks/widgets/spreadsheet/format/ComplexScalarFormatterFactory$1
instanceKlass com/mathworks/widgets/spreadsheet/format/ComplexScalarFormatter
instanceKlass com/mathworks/widgets/spreadsheet/format/ComplexScalarFormatterFactory
instanceKlass com/mathworks/widgets/spreadsheet/format/Formatter
instanceKlass com/mathworks/mlwidgets/array/ArrayUtils
instanceKlass com/mathworks/mde/array/ArrayEditorFontPrefs
instanceKlass com/mathworks/mde/workspace/WorkspaceBrowserResources
instanceKlass com/mathworks/mde/workspace/WorkspaceFontPrefs
instanceKlass com/mathworks/mlwidgets/explorer/model/ExplorerPrefs$ExplorerFontPrefs
instanceKlass com/mathworks/mde/editor/EditorFontPrefs
instanceKlass com/mathworks/mde/cmdhist/CmdHistoryPrefs
instanceKlass com/mathworks/services/FontPrefs$FontItem
instanceKlass java/util/concurrent/ConcurrentHashMap$Traverser
instanceKlass sun/font/SunFontManager$TTorT1Filter
instanceKlass sun/font/SunFontManager$4
instanceKlass com/mathworks/sourcecontrol/ThreadUtils$1
instanceKlass com/mathworks/sourcecontrol/ThreadUtils
instanceKlass com/mathworks/sourcecontrol/SourceControlUI$3
instanceKlass sun/font/SunFontManager$13
instanceKlass com/mathworks/services/PrefsAWT
instanceKlass com/mathworks/services/FontPrefs$HtmlFontPrefs
instanceKlass com/mathworks/services/FontPrefs
instanceKlass com/mathworks/mlwidgets/explorer/util/PrefUtils$ComponentListener
instanceKlass com/mathworks/mlwidgets/explorer/util/PrefUtils$1
instanceKlass com/mathworks/util/tree/Tree
instanceKlass com/mathworks/services/FontListener
instanceKlass com/mathworks/mlwidgets/explorer/util/PrefUtils
instanceKlass com/mathworks/mde/explorer/Explorer$4
instanceKlass com/mathworks/mde/explorer/Explorer$3
instanceKlass com/mathworks/mlwidgets/explorer/DetailViewer$5
instanceKlass com/mathworks/mlwidgets/explorer/DetailViewer$4
instanceKlass com/mathworks/mlwidgets/explorer/DetailViewer$Header$1
instanceKlass java/awt/GridBagConstraints
instanceKlass java/awt/GridBagLayout
instanceKlass com/mathworks/mlwidgets/explorer/ExplorerSplitPane$2
instanceKlass javax/swing/plaf/basic/BasicSplitPaneUI$Handler
instanceKlass javax/swing/plaf/basic/BasicSplitPaneUI$BasicHorizontalLayoutManager
instanceKlass javax/swing/plaf/basic/BasicBorders$SplitPaneDividerBorder
instanceKlass javax/swing/plaf/basic/BasicSplitPaneDivider$DividerLayout
instanceKlass javax/swing/plaf/basic/BasicBorders$SplitPaneBorder
instanceKlass com/mathworks/sourcecontrol/SCAdapterConnectionManager$2
instanceKlass sun/nio/fs/BasicFileAttributesHolder
instanceKlass sun/nio/fs/WindowsDirectoryStream$WindowsDirectoryIterator
instanceKlass sun/nio/fs/WindowsFileAttributes
instanceKlass java/nio/file/attribute/DosFileAttributes
instanceKlass java/nio/file/attribute/BasicFileAttributes
instanceKlass sun/nio/fs/NativeBuffer$Deallocator
instanceKlass sun/nio/fs/NativeBuffer
instanceKlass sun/nio/fs/NativeBuffers
instanceKlass sun/nio/fs/WindowsNativeDispatcher$BackupResult
instanceKlass sun/nio/fs/WindowsNativeDispatcher$CompletionStatus
instanceKlass sun/nio/fs/WindowsNativeDispatcher$AclInformation
instanceKlass sun/nio/fs/WindowsNativeDispatcher$Account
instanceKlass sun/nio/fs/WindowsNativeDispatcher$DiskFreeSpace
instanceKlass sun/nio/fs/WindowsNativeDispatcher$VolumeInformation
instanceKlass sun/nio/fs/WindowsNativeDispatcher$FirstStream
instanceKlass sun/nio/fs/WindowsNativeDispatcher$FirstFile
instanceKlass sun/nio/fs/WindowsNativeDispatcher$1
instanceKlass sun/nio/fs/WindowsNativeDispatcher
instanceKlass sun/nio/fs/WindowsDirectoryStream
instanceKlass java/nio/file/DirectoryStream
instanceKlass java/nio/file/Files$AcceptAllFilter
instanceKlass java/nio/file/DirectoryStream$Filter
instanceKlass java/nio/file/Files
instanceKlass com/mathworks/sourcecontrol/ActionStatusDisplay$1
instanceKlass com/mathworks/sourcecontrol/ActionStatusDisplay$2
instanceKlass com/mathworks/sourcecontrol/SCInfoBar$2
instanceKlass com/mathworks/widgets/tooltip/TooltipUtils
instanceKlass com/mathworks/mwswing/ComponentUtils
instanceKlass com/mathworks/widgets/HyperlinkTextLabel$2
instanceKlass javax/swing/text/html/AccessibleHTML$DocumentHandler
instanceKlass javax/swing/text/html/AccessibleHTML$ElementInfo
instanceKlass javax/swing/text/html/AccessibleHTML$PropertyChangeHandler
instanceKlass javax/swing/text/html/AccessibleHTML
instanceKlass javax/swing/text/DefaultStyledDocument$ChangeUpdateRunnable
instanceKlass java/util/Formatter$Conversion
instanceKlass java/util/Formatter$Flags
instanceKlass java/util/Formatter$FormatSpecifier
instanceKlass java/util/Formatter$FixedString
instanceKlass java/util/Formatter$FormatString
instanceKlass java/util/Formatter
instanceKlass com/mathworks/util/HTMLUtils
instanceKlass javax/swing/text/GapContent$UndoPosRef
instanceKlass javax/swing/text/DefaultStyledDocument$ElementBuffer$ElemChanges
instanceKlass javax/swing/text/DefaultStyledDocument$ElementSpec
instanceKlass javax/swing/text/html/parser/ContentModelState
instanceKlass javax/swing/text/html/parser/TagStack
instanceKlass javax/swing/text/html/parser/TagElement
instanceKlass javax/swing/text/html/parser/Parser
instanceKlass javax/swing/text/html/HTMLDocument$HTMLReader$TagAction
instanceKlass javax/swing/text/html/HTMLEditorKit$ParserCallback
instanceKlass com/mathworks/mwswing/JEditorPaneHyperlinkHandler$6
instanceKlass com/mathworks/mwswing/JEditorPaneHyperlinkHandler$1
instanceKlass com/mathworks/mwswing/JEditorPaneHyperlinkHandler
instanceKlass com/mathworks/widgets/HyperlinkTextLabel$5
instanceKlass com/mathworks/widgets/HyperlinkTextLabel$3
instanceKlass javax/swing/text/TabableView
instanceKlass javax/swing/text/html/StyleSheet$1
instanceKlass javax/swing/text/html/CSSBorder$StrokePainter
instanceKlass javax/swing/text/html/CSSBorder$SolidPainter
instanceKlass javax/swing/text/html/CSSBorder$NullPainter
instanceKlass javax/swing/text/html/CSSBorder$BorderPainter
instanceKlass javax/swing/text/html/StyleSheet$BoxPainter
instanceKlass javax/swing/text/html/StyleSheet$SearchBuffer
instanceKlass javax/swing/text/html/MuxingAttributeSet
instanceKlass javax/swing/text/FlowView$FlowStrategy
instanceKlass javax/swing/text/DefaultStyledDocument$AbstractChangeHandler
instanceKlass javax/swing/text/html/parser/AttributeList
instanceKlass javax/swing/text/html/parser/ContentModel
instanceKlass javax/swing/text/html/parser/ParserDelegator$1
instanceKlass javax/swing/text/html/parser/Entity
instanceKlass javax/swing/text/html/parser/Element
instanceKlass javax/swing/text/html/parser/DTD
instanceKlass javax/swing/text/html/parser/DTDConstants
instanceKlass javax/swing/text/html/HTMLEditorKit$Parser
instanceKlass javax/swing/text/DefaultStyledDocument$ElementBuffer
instanceKlass javax/swing/text/html/CSS$ShorthandMarginParser
instanceKlass javax/swing/text/html/CSS$LengthUnit
instanceKlass javax/swing/text/html/CSSParser
instanceKlass javax/swing/text/html/StyleSheet$CssParser
instanceKlass javax/swing/text/html/CSSParser$CSSParserCallback
instanceKlass java/net/NetworkInterface$2
instanceKlass javax/swing/text/html/HTMLEditorKit$1
instanceKlass javax/swing/text/html/StyleSheet$SelectorMapping
instanceKlass javax/swing/text/html/CSS$CssValue
instanceKlass javax/swing/text/html/CSS$Value
instanceKlass javax/swing/text/html/CSS$Attribute
instanceKlass javax/swing/text/html/CSS
instanceKlass javax/swing/text/StyledEditorKit$AttributeTracker
instanceKlass javax/swing/text/html/HTML$Attribute
instanceKlass javax/swing/text/html/HTML
instanceKlass javax/swing/text/html/HTML$Tag
instanceKlass javax/swing/text/html/HTMLEditorKit$HTMLFactory
instanceKlass javax/swing/text/StyledEditorKit$StyledViewFactory
instanceKlass javax/swing/text/StyledDocument
instanceKlass com/mathworks/sourcecontrol/SCInfoBar$1
instanceKlass javax/swing/event/HyperlinkListener
instanceKlass com/mathworks/widgets/HyperlinkTextLabel
instanceKlass com/mathworks/toolbox/shared/computils/widgets/DisposableBusyAffordance$1
instanceKlass com/mathworks/sourcecontrol/SCInfoBar
instanceKlass com/mathworks/sourcecontrol/ActionStatusDisplay
instanceKlass com/mathworks/widgets/grouptable/ColumnActions$9
instanceKlass com/mathworks/sourcecontrol/StatusToolTipAffordance
instanceKlass com/mathworks/sourcecontrol/SourceControlUI$SourceControlUIHolder
instanceKlass com/mathworks/mlwidgets/explorer/model/actions/ActionManager$5
instanceKlass com/mathworks/mlwidgets/explorer/model/actions/ActionManager$MainContributor
instanceKlass com/mathworks/mlwidgets/explorer/model/actions/DynamicMenuContributor
instanceKlass com/mathworks/mlwidgets/explorer/model/actions/ActionManager$4
instanceKlass com/mathworks/matlab/api/explorer/CutCopyPasteActionValidator
instanceKlass sun/awt/datatransfer/DataTransferer$IndexedComparator
instanceKlass sun/awt/datatransfer/DataTransferer$StandardEncodingsHolder
instanceKlass java/awt/datatransfer/SystemFlavorMap$2
instanceKlass sun/net/DefaultProgressMeteringPolicy
instanceKlass sun/net/ProgressMeteringPolicy
instanceKlass sun/net/ProgressMonitor
instanceKlass java/awt/datatransfer/SystemFlavorMap$1
instanceKlass sun/awt/Mutex
instanceKlass sun/awt/datatransfer/ToolkitThreadBlockedHandler
instanceKlass sun/awt/datatransfer/DataTransferer
instanceKlass java/awt/datatransfer/Clipboard
instanceKlass com/mathworks/widgets/grouptable/transfer/Transfer
instanceKlass com/mathworks/mlwidgets/explorer/util/MLPathUtils
instanceKlass com/mathworks/mlwidgets/explorer/model/MatlabPathModel$1
instanceKlass com/mathworks/mlwidgets/explorer/model/MatlabPathModel
instanceKlass com/mathworks/mde/explorer/PathActionProvider$PathChangeNotifier$1
instanceKlass com/mathworks/sourcecontrol/SCAdapterConnectionManager$1
instanceKlass com/mathworks/sourcecontrol/EmptyProject
instanceKlass com/mathworks/sourcecontrol/MLApplicationInteractor$1
instanceKlass com/mathworks/sourcecontrol/MLApplicationInteractor$2
instanceKlass com/mathworks/cmlink/util/status/CMStatusChangeServer
instanceKlass com/mathworks/sourcecontrol/SCProcessTerminator
instanceKlass com/mathworks/sourcecontrol/sandboxcreation/statuswidget/progressindication/ProgressState
instanceKlass com/mathworks/sourcecontrol/sandboxcreation/statuswidget/progressindication/ProgressEventBroadcaster$EventDispatcher
instanceKlass com/mathworks/sourcecontrol/sandboxcreation/statuswidget/progressindication/ProgressEventBroadcaster
instanceKlass com/mathworks/sourcecontrol/sandboxcreation/controller/CMMonitorDispatcher
instanceKlass com/mathworks/cmlink/api/ProgressIndicator
instanceKlass com/mathworks/cmlink/util/interactor/CMMonitor
instanceKlass com/mathworks/cmlink/api/StatusBroadcaster
instanceKlass com/mathworks/cmlink/api/ExceptionHandler
instanceKlass com/mathworks/cmlink/util/adapter/TriggerableTerminator
instanceKlass com/mathworks/cmlink/api/Terminator
instanceKlass com/mathworks/sourcecontrol/MLApplicationInteractor
instanceKlass com/mathworks/sourcecontrol/SCAdapterConnectionManager$SCAdapterConnectionManagerHolder
instanceKlass com/mathworks/cmlink/management/cache/CMStatusCacheListener
instanceKlass com/mathworks/cmlink/util/internalapi/InternalCMAdapter
instanceKlass com/mathworks/cmlink/util/internalapi/InternalCMInteractor
instanceKlass com/mathworks/cmlink/util/interactor/MonitoringApplicationInteractor
instanceKlass com/mathworks/cmlink/api/ApplicationInteractor
instanceKlass com/mathworks/sourcecontrol/SCAdapterConnectionManager
instanceKlass com/mathworks/cfbutils/FileSystemPollingChangeNotification
instanceKlass com/mathworks/mlwidgets/explorer/model/table/UiFileList$PollingNotificationMacPathsWorkaround
instanceKlass com/mathworks/mlwidgets/explorer/model/table/UiFileList$6
instanceKlass com/mathworks/sourcecontrol/prefs/SCSettingsUtilities
instanceKlass com/mathworks/util/LazyFilter$1
instanceKlass com/mathworks/mlwidgets/explorer/model/actions/ActionConfigurationImpl$2
instanceKlass com/mathworks/util/LazyFilter
instanceKlass com/mathworks/mlwidgets/explorer/model/actions/ActionConfigurationImpl$1
instanceKlass com/mathworks/mlwidgets/explorer/model/actions/ApplicableChecker
instanceKlass com/mathworks/toolbox/symbolic/liveeditor/OpenMNAsLiveScriptActionProvider$1
instanceKlass com/mathworks/mde/liveeditor/OpenAsLiveCodeActionProvider$6
instanceKlass com/mathworks/mde/liveeditor/OpenAsLiveCodeActionProvider$5
instanceKlass com/mathworks/mde/liveeditor/OpenAsLiveCodeActionProvider$4
instanceKlass com/mathworks/mde/liveeditor/OpenAsLiveCodeActionProvider$3
instanceKlass com/mathworks/mde/liveeditor/OpenAsLiveCodeActionProvider$2
instanceKlass com/mathworks/mde/liveeditor/OpenAsLiveCodeActionProvider$1
instanceKlass com/mathworks/mlwidgets/explorer/extensions/basic/BasicTableActionProvider$9
instanceKlass com/mathworks/mlwidgets/explorer/extensions/basic/BasicTableActionProvider$8
instanceKlass com/mathworks/mlwidgets/explorer/extensions/basic/BasicTableActionProvider$7
instanceKlass com/mathworks/mlwidgets/explorer/extensions/basic/BasicTableActionProvider$6
instanceKlass com/mathworks/mlwidgets/explorer/extensions/basic/BasicTableActionProvider$5
instanceKlass com/mathworks/mlwidgets/explorer/extensions/basic/BasicTableActionProvider$4
instanceKlass com/mathworks/mlwidgets/explorer/extensions/basic/BasicTableActionProvider$3
instanceKlass com/mathworks/mlwidgets/explorer/extensions/basic/BasicTableActionProvider$2
instanceKlass com/mathworks/mlwidgets/explorer/extensions/basic/BasicTableActionProvider$1
instanceKlass com/mathworks/mde/explorer/ShowDetailsProvider$4
instanceKlass com/mathworks/mde/explorer/ShowDetailsProvider$3
instanceKlass com/mathworks/mde/explorer/ShowDetailsProvider$2
instanceKlass com/mathworks/mde/explorer/ShowDetailsProvider$1
instanceKlass com/mathworks/mlwidgets/explorer/extensions/basic/CoreExternalActionProvider$4
instanceKlass com/mathworks/mlwidgets/explorer/extensions/basic/CoreExternalActionProvider$3
instanceKlass com/mathworks/mlwidgets/explorer/extensions/basic/CoreExternalActionProvider$2
instanceKlass com/mathworks/mlwidgets/explorer/extensions/basic/CoreExternalActionProvider$1
instanceKlass sun/awt/windows/WDesktopPeer
instanceKlass java/awt/peer/DesktopPeer
instanceKlass java/awt/Desktop
instanceKlass com/mathworks/mlwidgets/explorer/extensions/basic/CoreWriteActionProvider$1
instanceKlass com/mathworks/mlwidgets/explorer/extensions/basic/CoreWriteActionProvider$2
instanceKlass com/mathworks/mlwidgets/explorer/extensions/basic/DeleteActionCode
instanceKlass com/mathworks/mlwidgets/explorer/extensions/basic/CoreWriteActionProvider$3
instanceKlass com/mathworks/mlwidgets/explorer/extensions/basic/CoreWriteActionProvider$5
instanceKlass com/mathworks/mlwidgets/explorer/util/MenuUtils
instanceKlass com/mathworks/mlwidgets/explorer/extensions/basic/CoreWriteActionProvider$4
instanceKlass com/mathworks/mlwidgets/explorer/extensions/basic/CoreReadActionProvider$6
instanceKlass com/mathworks/mlwidgets/explorer/extensions/basic/CoreReadActionProvider$5
instanceKlass com/mathworks/mlwidgets/explorer/model/actions/ActionPredicates$32
instanceKlass com/mathworks/mlwidgets/explorer/extensions/basic/CoreReadActionProvider$4
instanceKlass com/mathworks/mlwidgets/explorer/extensions/basic/CoreReadActionProvider$3
instanceKlass com/mathworks/mlwidgets/explorer/extensions/basic/CoreReadActionProvider$2
instanceKlass com/mathworks/mlwidgets/explorer/extensions/basic/CoreReadActionProvider$1
instanceKlass com/mathworks/mde/explorer/NavigationActionProvider$7
instanceKlass com/mathworks/mde/explorer/NavigationActionProvider$6
instanceKlass com/mathworks/mde/explorer/NavigationActionProvider$5
instanceKlass com/mathworks/mde/explorer/NavigationActionProvider$4
instanceKlass com/mathworks/mde/explorer/NavigationActionProvider$3
instanceKlass com/mathworks/mde/explorer/NavigationActionProvider$2
instanceKlass com/mathworks/mde/explorer/NavigationActionProvider$1
instanceKlass com/mathworks/mde/explorer/PathActionProvider$8
instanceKlass com/mathworks/mde/explorer/PathActionProvider$7
instanceKlass com/mathworks/mde/explorer/PathActionProvider$6
instanceKlass com/mathworks/mde/explorer/PathActionProvider$5
instanceKlass com/mathworks/mde/explorer/PathActionProvider$4
instanceKlass com/mathworks/mde/explorer/PathActionProvider$3
instanceKlass com/mathworks/mde/explorer/PathActionProvider$2
instanceKlass com/mathworks/mlwidgets/explorer/model/WritablePathModel
instanceKlass com/mathworks/mde/explorer/PathActionProvider$1
instanceKlass com/mathworks/mlwidgets/explorer/model/actions/ActionPredicates$33
instanceKlass com/mathworks/mde/explorer/PathActionProvider$PathChangeNotifier
instanceKlass com/mathworks/mlwidgets/explorer/extensions/archive/ZipFileActionProvider$1
instanceKlass com/mathworks/mlwidgets/explorer/extensions/archive/ZipFileInfoProvider$1
instanceKlass com/mathworks/mlwidgets/explorer/extensions/matlab/ReportActionProvider$ReportRunner
instanceKlass com/mathworks/storage/matlabdrivedesktop/MatlabDriveSharingActionProvider$2
instanceKlass com/mathworks/storage/matlabdrivedesktop/MatlabDriveSharingActionProvider$1
instanceKlass com/mathworks/storage/matlabdrivedesktop/MatlabDriveActionProvider$5
instanceKlass com/mathworks/storage/matlabdrivedesktop/MatlabDriveActionProvider$4
instanceKlass com/mathworks/storage/matlabdrivedesktop/MatlabDriveActionProvider$1
instanceKlass com/mathworks/storage/matlabdrivedesktop/MatlabDriveActionProvider$3
instanceKlass com/mathworks/storage/matlabdrivedesktop/MatlabDriveIconFactory
instanceKlass com/mathworks/storage/matlabdrivedesktop/MatlabDriveActionProvider$2
instanceKlass com/mathworks/mlwidgets/explorer/extensions/basic/MacPackageInfoProvider$1
instanceKlass com/mathworks/explorer/RunnableFileInfoProvider$2
instanceKlass com/mathworks/explorer/RunnableFileInfoProvider$1
instanceKlass com/mathworks/mlwidgets/explorer/extensions/matlab/GUIDEFileInfoProvider$1
instanceKlass com/mathworks/explorer/MATFileInfoProvider$2
instanceKlass com/mathworks/explorer/MATFileInfoProvider$1
instanceKlass com/mathworks/explorer/MatlabCodeFileActionProvider$1
instanceKlass com/mathworks/sourcecontrol/SCAdapterActionProvider$3
instanceKlass com/mathworks/sourcecontrol/SCAdapterActionProvider$2
instanceKlass com/mathworks/sourcecontrol/SCAdapterActionProvider$1
instanceKlass com/mathworks/appmanagement/AppFileInfoProvider$2
instanceKlass com/mathworks/toolbox/shared/mldatx/MLDATXFileInfoProvider$3
instanceKlass com/mathworks/toolboxmanagement/tasks/ToolboxInstallTask
instanceKlass com/mathworks/toolbox/matlab/appdesigner/MlappMatlabOnlineFileInfoProvider$1
instanceKlass com/mathworks/mde/difftool/DiffActionProvider$4
instanceKlass com/mathworks/mde/difftool/DiffActionProvider$3
instanceKlass com/mathworks/mde/difftool/DiffActionProvider$2
instanceKlass com/mathworks/mde/difftool/DiffActionProvider$1
instanceKlass com/mathworks/mlwidgets/explorer/extensions/matlab/PathAffordanceActionProvider$1
instanceKlass com/mathworks/toolbox/distcomp/ui/desk/RunBatchJobActionProvider$3
instanceKlass com/mathworks/toolbox/distcomp/ui/desk/RunBatchJobActionProvider$2
instanceKlass com/mathworks/toolbox/distcomp/ui/desk/RunBatchJobActionProvider$1
instanceKlass com/mathworks/toolbox/sl3d/explorer/WRLFileInfoProvider$4
instanceKlass com/mathworks/toolbox/sl3d/explorer/WRLFileInfoProvider$3
instanceKlass com/mathworks/toolbox/sl3d/explorer/WRLFileInfoProvider$2
instanceKlass com/mathworks/toolbox/sl3d/explorer/WRLFileInfoProvider$1
instanceKlass com/mathworks/toolbox/slproject/project/archiving/ProjectArchiveInfoProvider$ExtractHereCode
instanceKlass com/mathworks/mlwidgets/explorer/model/actions/ActionConfigurationImpl$ProviderConfiguration$1
instanceKlass com/mathworks/toolbox/simulink/slvnv/SlreqxFileInfoProvider$2
instanceKlass com/mathworks/toolbox/simulink/desktopintegration/SimulinkCacheFileInfoProvider$2
instanceKlass com/mathworks/toolbox/simulink/desktopintegration/SimulinkProtectedModelFileInfoProvider$6
instanceKlass com/mathworks/toolbox/simulink/desktopintegration/SimulinkProtectedModelFileInfoProvider$5
instanceKlass com/mathworks/toolbox/simulink/desktopintegration/SimulinkProtectedModelFileInfoProvider$4
instanceKlass com/mathworks/toolbox/simulink/desktopintegration/SimulinkPackageFileInfoProvider$6
instanceKlass com/mathworks/toolbox/stateflow_desktop_integration/StateflowFileInfoProvider$2
instanceKlass com/mathworks/toolbox/simulink/desktopintegration/SimulinkFileInfoProvider$5
instanceKlass com/mathworks/toolbox/simulink/desktopintegration/SimulinkBackupFileInfoProvider$5
instanceKlass com/mathworks/mlwidgets/explorer/model/actions/ActionPredicate
instanceKlass com/mathworks/toolbox/simulink/desktopintegration/SimulinkTemplateFileInfoProvider$7
instanceKlass com/mathworks/toolbox/simulink/desktopintegration/SimulinkTemplateFileInfoProvider$6
instanceKlass com/mathworks/matlab/api/explorer/ActionConfiguration$2
instanceKlass com/mathworks/matlab/api/explorer/ActionConfiguration$1
instanceKlass com/mathworks/toolbox/coder/screener/ScreenerActionProvider$1
instanceKlass com/mathworks/mlwidgets/explorer/model/actions/ActionConfigurationImpl$ProviderBinding
instanceKlass com/mathworks/mlwidgets/explorer/model/actions/ActionConfigurationImpl$ProviderConfiguration
instanceKlass com/mathworks/mlwidgets/explorer/model/actions/ActionRegistryImpl$ProviderBinding
instanceKlass com/mathworks/util/ExtendedIterable
instanceKlass com/mathworks/matlab/api/explorer/ActionConfiguration
instanceKlass com/mathworks/mlwidgets/explorer/model/actions/ActionConfigurationImpl
instanceKlass com/mathworks/mlwidgets/explorer/model/table/UiFileList$CachedData
instanceKlass com/mathworks/mlwidgets/explorer/extensions/matlab/MatlabCodeFileDetailPanel
instanceKlass com/mathworks/mlwidgets/explorer/extensions/matlab/H1Retriever
instanceKlass com/mathworks/mlwidgets/explorer/extensions/matlab/MFileInfoProvider$3
instanceKlass com/mathworks/mlwidgets/explorer/model/FileDecorationModel$1$2
instanceKlass com/mathworks/mlwidgets/explorer/extensions/matlab/MFileInfoProvider$2
instanceKlass com/mathworks/mlwidgets/explorer/extensions/matlab/MFileInfoProvider$1
instanceKlass com/mathworks/mlwidgets/explorer/model/FileDecorationModel$2$2
instanceKlass com/mathworks/mlwidgets/explorer/model/FileDecorationModel$DeferHandler
instanceKlass com/mathworks/mlwidgets/explorer/util/UiFileSystemUtils$2
instanceKlass com/mathworks/mlwidgets/explorer/model/FileDecorationCache$1
instanceKlass com/mathworks/mlwidgets/explorer/extensions/basic/DefaultFileInfoProvider$5
instanceKlass com/mathworks/mlwidgets/explorer/extensions/basic/DefaultFileInfoProvider$4
instanceKlass com/mathworks/mlwidgets/explorer/extensions/basic/DefaultFileInfoProvider$3
instanceKlass com/mathworks/mlwidgets/explorer/extensions/basic/DefaultFileInfoProvider$2
instanceKlass com/mathworks/mlwidgets/explorer/extensions/basic/DefaultFileInfoProvider$1
instanceKlass com/mathworks/storage/matlabdrivedesktop/MatlabDriveUtils
instanceKlass com/mathworks/mlwidgets/explorer/model/FileDecorationModel$4
instanceKlass com/mathworks/mlwidgets/explorer/model/FileDecorationModel$DecorationResolvingInstantiator
instanceKlass com/mathworks/explorer/MATFileDetailPanel
instanceKlass com/mathworks/matlab/api/explorer/DetailPanel
instanceKlass com/mathworks/mlwidgets/workspace/util/WorkspaceIcon
instanceKlass com/mathworks/mlwidgets/explorer/model/FileDecorationModel$5
instanceKlass com/mathworks/mlwidgets/explorer/model/FileDecorationModel$1$1
instanceKlass com/mathworks/mlwidgets/explorer/model/FileDecorationModel$2
instanceKlass com/mathworks/mlwidgets/explorer/model/FileDecorationModel$1
instanceKlass com/mathworks/fileutils/MLFileUtils
instanceKlass com/mathworks/toolbox/shared/mldatx/MLDATXFileInfo
instanceKlass com/mathworks/matlab/api/explorer/ActionRegistry
instanceKlass com/mathworks/widgets/grouptable/GroupingTableTransaction$1
instanceKlass com/mathworks/mlwidgets/explorer/model/actions/ActionRegistryImpl
instanceKlass com/mathworks/mlwidgets/explorer/model/actions/ActionManager$1
instanceKlass com/mathworks/matlab/api/explorer/FileDecorations
instanceKlass com/mathworks/mlwidgets/explorer/model/actions/ActionManager$ActionList
instanceKlass com/mathworks/matlab/api/explorer/FileDecorators
instanceKlass com/mathworks/mlwidgets/explorer/model/FileDecorationModel
instanceKlass com/mathworks/matlab/api/explorer/CoreFileDecoration
instanceKlass com/mathworks/widgets/grouptable/TransactionProcessor$TransactionRunner
instanceKlass com/mathworks/widgets/grouptable/GroupingTableTransaction$Element
instanceKlass com/mathworks/mde/explorer/Explorer$PathAffordanceAdapter$2
instanceKlass com/mathworks/mlwidgets/explorer/model/table/FileSystemExpansionProviderProvider
instanceKlass com/mathworks/widgets/grouptable/GroupingTableTransaction
instanceKlass com/mathworks/mde/explorer/Explorer$PathAffordanceAdapter$1
instanceKlass com/mathworks/mde/explorer/Explorer$PathAffordanceAdapter
instanceKlass com/mathworks/widgets/WorkMonitor$1
instanceKlass javax/accessibility/AccessibleExtendedTable
instanceKlass javax/accessibility/AccessibleTable
instanceKlass javax/accessibility/AccessibleSelection
instanceKlass com/mathworks/explorer/VariableTransferHandler
instanceKlass com/mathworks/mlwidgets/explorer/extensions/basic/TransferFileGroup
instanceKlass java/awt/datatransfer/MimeType
instanceKlass java/awt/datatransfer/MimeTypeParameterList
instanceKlass java/awt/datatransfer/DataFlavor
instanceKlass com/mathworks/mlwidgets/explorer/extensions/basic/FileTransferHandler
instanceKlass com/mathworks/mwswing/table/ListColorUtils
instanceKlass com/mathworks/mlwidgets/explorer/widgets/table/FileTable$20
instanceKlass com/mathworks/mlwidgets/explorer/widgets/table/FileTable$19
instanceKlass com/mathworks/mlwidgets/explorer/widgets/table/FileTable$18
instanceKlass com/mathworks/mwswing/CellViewerUtils$TableContext$3
instanceKlass com/mathworks/mwswing/CellViewerUtils$TableContext$2
instanceKlass com/mathworks/mwswing/CellViewerUtils$TableContext$1
instanceKlass com/mathworks/mwswing/CellViewerUtils$AbstractContext$2
instanceKlass com/mathworks/mwswing/CellViewerUtils$AbstractContext$1
instanceKlass com/mathworks/mwswing/CellViewer$4
instanceKlass com/mathworks/mwswing/CellViewer$3
instanceKlass com/mathworks/mwswing/CellViewer$2
instanceKlass com/mathworks/mwswing/CellViewer$1
instanceKlass com/mathworks/mwswing/CellViewer
instanceKlass com/mathworks/mwswing/CellPainterProvider
instanceKlass com/mathworks/mwswing/CellViewerUtils$Context
instanceKlass com/mathworks/mwswing/CellViewerUtils
instanceKlass com/mathworks/mwswing/DefaultTableCellViewerCustomizer
instanceKlass com/mathworks/widgets/grouptable/RightClickSelectionHandler
instanceKlass com/mathworks/widgets/grouptable/EditOnClickHandler$3
instanceKlass com/mathworks/mlwidgets/explorer/widgets/table/FileTable$2
instanceKlass com/mathworks/widgets/grouptable/SelectOnTypeHandler$2
instanceKlass com/mathworks/mlwidgets/explorer/widgets/table/FileTable$1
instanceKlass com/mathworks/mlwidgets/explorer/widgets/table/FileTable$5
instanceKlass com/mathworks/widgets/grouptable/GroupingTable$26
instanceKlass com/jidesoft/grid/SortableTableModel$a_
instanceKlass com/mathworks/widgets/grouptable/GroupingTableModel$8
instanceKlass com/mathworks/mlwidgets/explorer/model/table/UiFileList$4
instanceKlass com/mathworks/widgets/grouptable/CombinedExpansionContext$3
instanceKlass com/mathworks/util/RequestQueue$3
instanceKlass com/mathworks/util/RequestQueue$2
instanceKlass com/mathworks/mlwidgets/explorer/model/table/UiFileList$2
instanceKlass com/mathworks/mlwidgets/explorer/model/table/UiFileList$1
instance